[22/04/2011 15:44:03] (Notice - virtual void ProtocolGame::parsePacket(NetworkMessage&)) PLAYER: Imperial Killer sent unknown byte: 0x166f19c

[22/04/2011 15:44:03] (Notice - virtual void ProtocolGame::parsePacket(NetworkMessage&)) PLAYER: Imperial Killer sent unknown byte: 0x166f19c

[22/04/2011 15:44:03] (Notice - virtual void ProtocolGame::parsePacket(NetworkMessage&)) PLAYER: Imperial Killer sent unknown byte: 0x166f19c

[22/04/2011 16:14:18] (Notice - virtual void ProtocolGame::parsePacket(NetworkMessage&)) PLAYER: Kiler sent unknown byte: 0x166f19c

[22/04/2011 16:14:19] (Notice - virtual void ProtocolGame::parsePacket(NetworkMessage&)) PLAYER: Kiler sent unknown byte: 0x166f19c

[22/04/2011 16:14:19] (Notice - virtual void ProtocolGame::parsePacket(NetworkMessage&)) PLAYER: Kiler sent unknown byte: 0x166f19c

[22/04/2011 16:14:19] (Notice - virtual void ProtocolGame::parsePacket(NetworkMessage&)) PLAYER: Kiler sent unknown byte: 0x166f19c

[22/04/2011 16:14:19] (Notice - virtual void ProtocolGame::parsePacket(NetworkMessage&)) PLAYER: Kiler sent unknown byte: 0x166f19c

[22/04/2011 16:14:19] (Notice - virtual void ProtocolGame::parsePacket(NetworkMessage&)) PLAYER: Kiler sent unknown byte: 0x166f19c

[22/04/2011 16:14:19] (Notice - virtual void ProtocolGame::parsePacket(NetworkMessage&)) PLAYER: Kiler sent unknown byte: 0x166f19c

[22/04/2011 16:14:19] (Notice - virtual void ProtocolGame::parsePacket(NetworkMessage&)) PLAYER: Kiler sent unknown byte: 0x166f19c

[22/04/2011 16:14:20] (Notice - virtual void ProtocolGame::parsePacket(NetworkMessage&)) PLAYER: Kiler sent unknown byte: 0x166f19c

[22/04/2011 16:14:20] (Notice - virtual void ProtocolGame::parsePacket(NetworkMessage&)) PLAYER: Kiler sent unknown byte: 0x166f19c

[22/04/2011 16:14:20] (Notice - virtual void ProtocolGame::parsePacket(NetworkMessage&)) PLAYER: Kiler sent unknown byte: 0x166f19c

[22/04/2011 16:14:20] (Notice - virtual void ProtocolGame::parsePacket(NetworkMessage&)) PLAYER: Kiler sent unknown byte: 0x166f19c

[22/04/2011 16:14:20] (Notice - virtual void ProtocolGame::parsePacket(NetworkMessage&)) PLAYER: Kiler sent unknown byte: 0x166f19c

[22/04/2011 16:14:20] (Notice - virtual void ProtocolGame::parsePacket(NetworkMessage&)) PLAYER: Kiler sent unknown byte: 0x166f19c

[22/04/2011 16:14:20] (Notice - virtual void ProtocolGame::parsePacket(NetworkMessage&)) PLAYER: Kiler sent unknown byte: 0x166f19c

[22/04/2011 16:14:20] (Notice - virtual void ProtocolGame::parsePacket(NetworkMessage&)) PLAYER: Kiler sent unknown byte: 0x166f19c

[22/04/2011 16:14:20] (Notice - virtual void ProtocolGame::parsePacket(NetworkMessage&)) PLAYER: Kiler sent unknown byte: 0x166f19c

[22/04/2011 16:14:21] (Notice - virtual void ProtocolGame::parsePacket(NetworkMessage&)) PLAYER: Kiler sent unknown byte: 0x166f19c

[22/04/2011 16:14:21] (Notice - virtual void ProtocolGame::parsePacket(NetworkMessage&)) PLAYER: Kiler sent unknown byte: 0x166f19c

[22/04/2011 16:14:21] (Notice - virtual void ProtocolGame::parsePacket(NetworkMessage&)) PLAYER: Kiler sent unknown byte: 0x166f19c

[22/04/2011 16:14:21] (Notice - virtual void ProtocolGame::parsePacket(NetworkMessage&)) PLAYER: Kiler sent unknown byte: 0x166f19c

[22/04/2011 16:14:21] (Notice - virtual void ProtocolGame::parsePacket(NetworkMessage&)) PLAYER: Kiler sent unknown byte: 0x166f19c

[22/04/2011 16:14:21] (Notice - virtual void ProtocolGame::parsePacket(NetworkMessage&)) PLAYER: Kiler sent unknown byte: 0x166f19c

[22/04/2011 16:14:21] (Notice - virtual void ProtocolGame::parsePacket(NetworkMessage&)) PLAYER: Kiler sent unknown byte: 0x166f19c

[22/04/2011 16:14:21] (Notice - virtual void ProtocolGame::parsePacket(NetworkMessage&)) PLAYER: Kiler sent unknown byte: 0x166f19c

[22/04/2011 16:14:21] (Notice - virtual void ProtocolGame::parsePacket(NetworkMessage&)) PLAYER: Kiler sent unknown byte: 0x166f19c

[22/04/2011 16:14:21] (Notice - virtual void ProtocolGame::parsePacket(NetworkMessage&)) PLAYER: Kiler sent unknown byte: 0x166f19c

[22/04/2011 16:14:22] (Notice - virtual void ProtocolGame::parsePacket(NetworkMessage&)) PLAYER: Kiler sent unknown byte: 0x166f19c

[22/04/2011 16:14:22] (Notice - virtual void ProtocolGame::parsePacket(NetworkMessage&)) PLAYER: Kiler sent unknown byte: 0x166f19c

[22/04/2011 16:14:22] (Notice - virtual void ProtocolGame::parsePacket(NetworkMessage&)) PLAYER: Kiler sent unknown byte: 0x166f19c

[22/04/2011 16:14:22] (Notice - virtual void ProtocolGame::parsePacket(NetworkMessage&)) PLAYER: Kiler sent unknown byte: 0x166f19c

[22/04/2011 16:14:22] (Notice - virtual void ProtocolGame::parsePacket(NetworkMessage&)) PLAYER: Kiler sent unknown byte: 0x166f19c

[22/04/2011 16:14:22] (Notice - virtual void ProtocolGame::parsePacket(NetworkMessage&)) PLAYER: Kiler sent unknown byte: 0x166f19c

[22/04/2011 16:14:22] (Notice - virtual void ProtocolGame::parsePacket(NetworkMessage&)) PLAYER: Kiler sent unknown byte: 0x166f19c

[22/04/2011 16:14:22] (Notice - virtual void ProtocolGame::parsePacket(NetworkMessage&)) PLAYER: Kiler sent unknown byte: 0x166f19c

[22/04/2011 16:14:22] (Notice - virtual void ProtocolGame::parsePacket(NetworkMessage&)) PLAYER: Kiler sent unknown byte: 0x166f19c

[22/04/2011 16:14:23] (Notice - virtual void ProtocolGame::parsePacket(NetworkMessage&)) PLAYER: Kiler sent unknown byte: 0x166f19c

[22/04/2011 16:14:23] (Notice - virtual void ProtocolGame::parsePacket(NetworkMessage&)) PLAYER: Kiler sent unknown byte: 0x166f19c

[22/04/2011 16:14:23] (Notice - virtual void ProtocolGame::parsePacket(NetworkMessage&)) PLAYER: Kiler sent unknown byte: 0x166f19c

[22/04/2011 16:14:23] (Notice - virtual void ProtocolGame::parsePacket(NetworkMessage&)) PLAYER: Kiler sent unknown byte: 0x166f19c

[22/04/2011 16:14:23] (Notice - virtual void ProtocolGame::parsePacket(NetworkMessage&)) PLAYER: Kiler sent unknown byte: 0x166f19c

[22/04/2011 16:14:23] (Notice - virtual void ProtocolGame::parsePacket(NetworkMessage&)) PLAYER: Kiler sent unknown byte: 0x166f19c

[22/04/2011 16:14:23] (Notice - virtual void ProtocolGame::parsePacket(NetworkMessage&)) PLAYER: Kiler sent unknown byte: 0x166f19c

[22/04/2011 16:14:23] (Notice - virtual void ProtocolGame::parsePacket(NetworkMessage&)) PLAYER: Kiler sent unknown byte: 0x166f19c

[22/04/2011 16:14:24] (Notice - virtual void ProtocolGame::parsePacket(NetworkMessage&)) PLAYER: Kiler sent unknown byte: 0x166f19c

[22/04/2011 16:14:24] (Notice - virtual void ProtocolGame::parsePacket(NetworkMessage&)) PLAYER: Kiler sent unknown byte: 0x166f19c

[22/04/2011 16:14:24] (Notice - virtual void ProtocolGame::parsePacket(NetworkMessage&)) PLAYER: Kiler sent unknown byte: 0x166f19c

[22/04/2011 16:14:24] (Notice - virtual void ProtocolGame::parsePacket(NetworkMessage&)) PLAYER: Kiler sent unknown byte: 0x166f19c

[22/04/2011 16:14:24] (Notice - virtual void ProtocolGame::parsePacket(NetworkMessage&)) PLAYER: Kiler sent unknown byte: 0x166f19c

[22/04/2011 16:14:24] (Notice - virtual void ProtocolGame::parsePacket(NetworkMessage&)) PLAYER: Kiler sent unknown byte: 0x166f19c

[22/04/2011 16:14:24] (Notice - virtual void ProtocolGame::parsePacket(NetworkMessage&)) PLAYER: Kiler sent unknown byte: 0x166f19c

[22/04/2011 16:14:24] (Notice - virtual void ProtocolGame::parsePacket(NetworkMessage&)) PLAYER: Kiler sent unknown byte: 0x166f19c

[22/04/2011 16:14:24] (Notice - virtual void ProtocolGame::parsePacket(NetworkMessage&)) PLAYER: Kiler sent unknown byte: 0x166f19c

[22/04/2011 16:14:25] (Notice - virtual void ProtocolGame::parsePacket(NetworkMessage&)) PLAYER: Kiler sent unknown byte: 0x166f19c

[22/04/2011 16:14:25] (Notice - virtual void ProtocolGame::parsePacket(NetworkMessage&)) PLAYER: Kiler sent unknown byte: 0x166f19c

[22/04/2011 16:14:25] (Notice - virtual void ProtocolGame::parsePacket(NetworkMessage&)) PLAYER: Kiler sent unknown byte: 0x166f19c

[22/04/2011 16:14:25] (Notice - virtual void ProtocolGame::parsePacket(NetworkMessage&)) PLAYER: Kiler sent unknown byte: 0x166f19c

[22/04/2011 16:14:25] (Notice - virtual void ProtocolGame::parsePacket(NetworkMessage&)) PLAYER: Kiler sent unknown byte: 0x166f19c

[22/04/2011 16:14:25] (Notice - virtual void ProtocolGame::parsePacket(NetworkMessage&)) PLAYER: Kiler sent unknown byte: 0x166f19c

[22/04/2011 16:14:25] (Notice - virtual void ProtocolGame::parsePacket(NetworkMessage&)) PLAYER: Kiler sent unknown byte: 0x166f19c

[22/04/2011 16:14:25] (Notice - virtual void ProtocolGame::parsePacket(NetworkMessage&)) PLAYER: Kiler sent unknown byte: 0x166f19c

[22/04/2011 16:14:26] (Notice - virtual void ProtocolGame::parsePacket(NetworkMessage&)) PLAYER: Kiler sent unknown byte: 0x166f19c

[22/04/2011 16:14:26] (Notice - virtual void ProtocolGame::parsePacket(NetworkMessage&)) PLAYER: Kiler sent unknown byte: 0x166f19c

[22/04/2011 16:14:26] (Notice - virtual void ProtocolGame::parsePacket(NetworkMessage&)) PLAYER: Kiler sent unknown byte: 0x166f19c

[22/04/2011 16:14:26] (Notice - virtual void ProtocolGame::parsePacket(NetworkMessage&)) PLAYER: Kiler sent unknown byte: 0x166f19c

[22/04/2011 16:14:26] (Notice - virtual void ProtocolGame::parsePacket(NetworkMessage&)) PLAYER: Kiler sent unknown byte: 0x166f19c

[22/04/2011 16:14:26] (Notice - virtual void ProtocolGame::parsePacket(NetworkMessage&)) PLAYER: Kiler sent unknown byte: 0x166f19c

[22/04/2011 16:14:26] (Notice - virtual void ProtocolGame::parsePacket(NetworkMessage&)) PLAYER: Kiler sent unknown byte: 0x166f19c

[22/04/2011 16:14:26] (Notice - virtual void ProtocolGame::parsePacket(NetworkMessage&)) PLAYER: Kiler sent unknown byte: 0x166f19c

[22/04/2011 16:14:27] (Notice - virtual void ProtocolGame::parsePacket(NetworkMessage&)) PLAYER: Kiler sent unknown byte: 0x166f19c

[22/04/2011 16:14:27] (Notice - virtual void ProtocolGame::parsePacket(NetworkMessage&)) PLAYER: Kiler sent unknown byte: 0x166f19c

[22/04/2011 16:14:27] (Notice - virtual void ProtocolGame::parsePacket(NetworkMessage&)) PLAYER: Kiler sent unknown byte: 0x166f19c

[22/04/2011 16:14:27] (Notice - virtual void ProtocolGame::parsePacket(NetworkMessage&)) PLAYER: Kiler sent unknown byte: 0x166f19c

[22/04/2011 16:14:27] (Notice - virtual void ProtocolGame::parsePacket(NetworkMessage&)) PLAYER: Kiler sent unknown byte: 0x166f19c

[22/04/2011 16:14:27] (Notice - virtual void ProtocolGame::parsePacket(NetworkMessage&)) PLAYER: Kiler sent unknown byte: 0x166f19c

[22/04/2011 16:14:27] (Notice - virtual void ProtocolGame::parsePacket(NetworkMessage&)) PLAYER: Kiler sent unknown byte: 0x166f19c

[22/04/2011 16:14:27] (Notice - virtual void ProtocolGame::parsePacket(NetworkMessage&)) PLAYER: Kiler sent unknown byte: 0x166f19c

[22/04/2011 16:14:28] (Notice - virtual void ProtocolGame::parsePacket(NetworkMessage&)) PLAYER: Kiler sent unknown byte: 0x166f19c

[22/04/2011 16:14:28] (Notice - virtual void ProtocolGame::parsePacket(NetworkMessage&)) PLAYER: Kiler sent unknown byte: 0x166f19c

[22/04/2011 16:14:28] (Notice - virtual void ProtocolGame::parsePacket(NetworkMessage&)) PLAYER: Kiler sent unknown byte: 0x166f19c

[22/04/2011 16:14:28] (Notice - virtual void ProtocolGame::parsePacket(NetworkMessage&)) PLAYER: Kiler sent unknown byte: 0x166f19c

[22/04/2011 16:14:28] (Notice - virtual void ProtocolGame::parsePacket(NetworkMessage&)) PLAYER: Kiler sent unknown byte: 0x166f19c

[22/04/2011 16:14:28] (Notice - virtual void ProtocolGame::parsePacket(NetworkMessage&)) PLAYER: Kiler sent unknown byte: 0x166f19c

[22/04/2011 16:14:28] (Notice - virtual void ProtocolGame::parsePacket(NetworkMessage&)) PLAYER: Kiler sent unknown byte: 0x166f19c

[22/04/2011 16:14:28] (Notice - virtual void ProtocolGame::parsePacket(NetworkMessage&)) PLAYER: Kiler sent unknown byte: 0x166f19c

[22/04/2011 16:14:29] (Notice - virtual void ProtocolGame::parsePacket(NetworkMessage&)) PLAYER: Kiler sent unknown byte: 0x166f19c

[22/04/2011 16:14:29] (Notice - virtual void ProtocolGame::parsePacket(NetworkMessage&)) PLAYER: Kiler sent unknown byte: 0x166f19c

[22/04/2011 16:14:29] (Notice - virtual void ProtocolGame::parsePacket(NetworkMessage&)) PLAYER: Kiler sent unknown byte: 0x166f19c

[22/04/2011 16:14:29] (Notice - virtual void ProtocolGame::parsePacket(NetworkMessage&)) PLAYER: Kiler sent unknown byte: 0x166f19c

[22/04/2011 16:14:29] (Notice - virtual void ProtocolGame::parsePacket(NetworkMessage&)) PLAYER: Kiler sent unknown byte: 0x166f19c

[22/04/2011 16:14:29] (Notice - virtual void ProtocolGame::parsePacket(NetworkMessage&)) PLAYER: Kiler sent unknown byte: 0x166f19c

[22/04/2011 16:14:29] (Notice - virtual void ProtocolGame::parsePacket(NetworkMessage&)) PLAYER: Kiler sent unknown byte: 0x166f19c

[22/04/2011 16:14:30] (Notice - virtual void ProtocolGame::parsePacket(NetworkMessage&)) PLAYER: Kiler sent unknown byte: 0x166f19c

[22/04/2011 16:14:30] (Notice - virtual void ProtocolGame::parsePacket(NetworkMessage&)) PLAYER: Kiler sent unknown byte: 0x166f19c

[22/04/2011 16:14:30] (Notice - virtual void ProtocolGame::parsePacket(NetworkMessage&)) PLAYER: Kiler sent unknown byte: 0x166f19c

[22/04/2011 16:14:30] (Notice - virtual void ProtocolGame::parsePacket(NetworkMessage&)) PLAYER: Kiler sent unknown byte: 0x166f19c

[22/04/2011 16:14:30] (Notice - virtual void ProtocolGame::parsePacket(NetworkMessage&)) PLAYER: Kiler sent unknown byte: 0x166f19c

[22/04/2011 16:14:30] (Notice - virtual void ProtocolGame::parsePacket(NetworkMessage&)) PLAYER: Kiler sent unknown byte: 0x166f19c

[22/04/2011 16:14:30] (Notice - virtual void ProtocolGame::parsePacket(NetworkMessage&)) PLAYER: Kiler sent unknown byte: 0x166f19c

[22/04/2011 16:14:30] (Notice - virtual void ProtocolGame::parsePacket(NetworkMessage&)) PLAYER: Kiler sent unknown byte: 0x166f19c

[22/04/2011 16:14:30] (Notice - virtual void ProtocolGame::parsePacket(NetworkMessage&)) PLAYER: Kiler sent unknown byte: 0x166f19c

[22/04/2011 16:14:31] (Notice - virtual void ProtocolGame::parsePacket(NetworkMessage&)) PLAYER: Kiler sent unknown byte: 0x166f19c

[22/04/2011 16:14:31] (Notice - virtual void ProtocolGame::parsePacket(NetworkMessage&)) PLAYER: Kiler sent unknown byte: 0x166f19c

[22/04/2011 16:14:31] (Notice - virtual void ProtocolGame::parsePacket(NetworkMessage&)) PLAYER: Kiler sent unknown byte: 0x166f19c

[22/04/2011 16:14:31] (Notice - virtual void ProtocolGame::parsePacket(NetworkMessage&)) PLAYER: Kiler sent unknown byte: 0x166f19c

[22/04/2011 16:14:31] (Notice - virtual void ProtocolGame::parsePacket(NetworkMessage&)) PLAYER: Kiler sent unknown byte: 0x166f19c

[22/04/2011 16:14:31] (Notice - virtual void ProtocolGame::parsePacket(NetworkMessage&)) PLAYER: Kiler sent unknown byte: 0x166f19c

[22/04/2011 16:14:31] (Notice - virtual void ProtocolGame::parsePacket(NetworkMessage&)) PLAYER: Kiler sent unknown byte: 0x166f19c

[22/04/2011 16:14:31] (Notice - virtual void ProtocolGame::parsePacket(NetworkMessage&)) PLAYER: Kiler sent unknown byte: 0x166f19c

[22/04/2011 16:14:32] (Notice - virtual void ProtocolGame::parsePacket(NetworkMessage&)) PLAYER: Kiler sent unknown byte: 0x166f19c

[22/04/2011 16:14:32] (Notice - virtual void ProtocolGame::parsePacket(NetworkMessage&)) PLAYER: Kiler sent unknown byte: 0x166f19c

[22/04/2011 16:14:32] (Notice - virtual void ProtocolGame::parsePacket(NetworkMessage&)) PLAYER: Kiler sent unknown byte: 0x166f19c

[23/04/2011 04:53:05] (Notice - virtual void ProtocolGame::parsePacket(NetworkMessage&)) PLAYER: Causz sent unknown byte: 0x166f19c

[23/04/2011 11:57:57] (Notice - virtual void ProtocolGame::parsePacket(NetworkMessage&)) PLAYER: Oakley Oh sent unknown byte: 0x166f19c

[23/04/2011 11:57:57] (Notice - virtual void ProtocolGame::parsePacket(NetworkMessage&)) PLAYER: Oakley Oh sent unknown byte: 0x166f19c

[23/04/2011 11:57:57] (Notice - virtual void ProtocolGame::parsePacket(NetworkMessage&)) PLAYER: Oakley Oh sent unknown byte: 0x166f19c

[23/04/2011 11:57:57] (Notice - virtual void ProtocolGame::parsePacket(NetworkMessage&)) PLAYER: Oakley Oh sent unknown byte: 0x166f19c

[23/04/2011 11:57:57] (Notice - virtual void ProtocolGame::parsePacket(NetworkMessage&)) PLAYER: Oakley Oh sent unknown byte: 0x166f19c

[23/04/2011 11:57:57] (Notice - virtual void ProtocolGame::parsePacket(NetworkMessage&)) PLAYER: Oakley Oh sent unknown byte: 0x166f19c

[23/04/2011 11:57:57] (Notice - virtual void ProtocolGame::parsePacket(NetworkMessage&)) PLAYER: Oakley Oh sent unknown byte: 0x166f19c

[23/04/2011 11:57:57] (Notice - virtual void ProtocolGame::parsePacket(NetworkMessage&)) PLAYER: Oakley Oh sent unknown byte: 0x166f19c

[23/04/2011 13:31:29] (Notice - virtual void ProtocolGame::parsePacket(NetworkMessage&)) PLAYER: Biel um sent unknown byte: 0x166f19c

[23/04/2011 14:00:51] (Notice - virtual void ProtocolGame::parsePacket(NetworkMessage&)) PLAYER: Sir nb sent unknown byte: 0x166f19c

[23/04/2011 19:27:01] (Notice - virtual void ProtocolGame::parsePacket(NetworkMessage&)) PLAYER: Will Tunner sent unknown byte: 0x166f19c

[24/04/2011 14:46:32] (Notice - virtual void ProtocolGame::parsePacket(NetworkMessage&)) PLAYER: Sorc'zyn sent unknown byte: 0x166f19c

[26/04/2011 13:20:03] (Notice - virtual void ProtocolGame::parsePacket(NetworkMessage&)) PLAYER: Vampi Trosky sent unknown byte: 0x166f19c

[26/04/2011 13:20:03] (Notice - virtual void ProtocolGame::parsePacket(NetworkMessage&)) PLAYER: Vampi Trosky sent unknown byte: 0x166f19c

[26/04/2011 18:48:51] (Notice - virtual void ProtocolGame::parsePacket(NetworkMessage&)) PLAYER: Banida sent unknown byte: 0x166f19c

[27/04/2011 16:49:43] (Notice - virtual void ProtocolGame::parsePacket(NetworkMessage&)) PLAYER: Banida sent unknown byte: 0x166f19c

[27/04/2011 17:34:56] (Notice - virtual void ProtocolGame::parsePacket(NetworkMessage&)) PLAYER: Nasty sent unknown byte: 0x166f19c

[27/04/2011 17:56:41] (Notice - virtual void ProtocolGame::parsePacket(NetworkMessage&)) PLAYER: Kewigu sent unknown byte: 0x166f19c

[27/04/2011 18:10:35] (Notice - virtual void ProtocolGame::parsePacket(NetworkMessage&)) PLAYER: Nasty sent unknown byte: 0x166f19c

[27/04/2011 18:10:39] (Notice - virtual void ProtocolGame::parsePacket(NetworkMessage&)) PLAYER: Nasty sent unknown byte: 0x166f19c

[27/04/2011 19:09:30] (Notice - virtual void ProtocolGame::parsePacket(NetworkMessage&)) PLAYER: Nasty sent unknown byte: 0x166f19c

[29/04/2011 13:01:49] (Notice - virtual void ProtocolGame::parsePacket(NetworkMessage&)) PLAYER: Nasty sent unknown byte: 0x169f19c

[29/04/2011 13:01:49] (Notice - virtual void ProtocolGame::parsePacket(NetworkMessage&)) PLAYER: Nasty sent unknown byte: 0x169f19c

[29/04/2011 13:02:27] (Notice - virtual void ProtocolGame::parsePacket(NetworkMessage&)) PLAYER: Nasty sent unknown byte: 0x169f19c

[30/04/2011 03:12:15] (Notice - virtual void ProtocolGame::parsePacket(NetworkMessage&)) PLAYER: Knight Docinhu sent unknown byte: 0x169f19c

[01/05/2011 19:53:01] (Notice - virtual void ProtocolGame::parsePacket(NetworkMessage&)) PLAYER: Kiknight sent unknown byte: 0x169f19c

[01/05/2011 19:54:57] (Notice - virtual void ProtocolGame::parsePacket(NetworkMessage&)) PLAYER: Kiknight sent unknown byte: 0x169f19c

[02/05/2011 12:40:20] (Notice - virtual void ProtocolGame::parsePacket(NetworkMessage&)) PLAYER: Makabra sent unknown byte: 0x169f19c

[02/05/2011 17:47:30] (Notice - virtual void ProtocolGame::parsePacket(NetworkMessage&)) PLAYER: Banida sent unknown byte: 0x169f19c

[02/05/2011 18:59:32] (Notice - virtual void ProtocolGame::parsePacket(NetworkMessage&)) PLAYER: Euparalyzovcsurfa sent unknown byte: 0x169f19c

[02/05/2011 19:25:20] (Notice - virtual void ProtocolGame::parsePacket(NetworkMessage&)) PLAYER: Euparalyzovcsurfa sent unknown byte: 0x169f19c

[02/05/2011 22:03:17] (Notice - virtual void ProtocolGame::parsePacket(NetworkMessage&)) PLAYER: Crazy Knight sent unknown byte: 0x169f19c

[03/05/2011 02:03:36] (Notice - virtual void ProtocolGame::parsePacket(NetworkMessage&)) PLAYER: Banida sent unknown byte: 0x169f19c

[03/05/2011 12:18:58] (Notice - virtual void ProtocolGame::parsePacket(NetworkMessage&)) PLAYER: Crazy maga sent unknown byte: 0x169f19c

[03/05/2011 12:18:58] (Notice - virtual void ProtocolGame::parsePacket(NetworkMessage&)) PLAYER: Crazy maga sent unknown byte: 0x169f19c

[04/05/2011 11:05:24] (Notice - virtual void ProtocolGame::parsePacket(NetworkMessage&)) PLAYER: Kiknight sent unknown byte: 0x169f19c

[04/05/2011 11:07:34] (Notice - virtual void ProtocolGame::parsePacket(NetworkMessage&)) PLAYER: Kiknight sent unknown byte: 0x169f19c

[04/05/2011 21:11:12] (Notice - virtual void ProtocolGame::parsePacket(NetworkMessage&)) PLAYER: Tayana sent unknown byte: 0x169f19c

[04/05/2011 21:49:57] (Notice - virtual void ProtocolGame::parsePacket(NetworkMessage&)) PLAYER: Tayana sent unknown byte: 0x169f19c

[05/05/2011 11:48:02] (Notice - virtual void ProtocolGame::parsePacket(NetworkMessage&)) PLAYER: Tayana sent unknown byte: 0x169f19c

[06/05/2011 11:45:12] (Notice - virtual void ProtocolGame::parsePacket(NetworkMessage&)) PLAYER: Tayana sent unknown byte: 0x169f19c

[06/05/2011 11:49:32] (Notice - virtual void ProtocolGame::parsePacket(NetworkMessage&)) PLAYER: Tayana sent unknown byte: 0x169f19c

[06/05/2011 11:50:14] (Notice - virtual void ProtocolGame::parsePacket(NetworkMessage&)) PLAYER: Tayana sent unknown byte: 0x169f19c

[06/05/2011 11:50:34] (Notice - virtual void ProtocolGame::parsePacket(NetworkMessage&)) PLAYER: Tayana sent unknown byte: 0x169f19c

[06/05/2011 11:51:30] (Notice - virtual void ProtocolGame::parsePacket(NetworkMessage&)) PLAYER: Tayana sent unknown byte: 0x169f19c

[06/05/2011 11:52:11] (Notice - virtual void ProtocolGame::parsePacket(NetworkMessage&)) PLAYER: Tayana sent unknown byte: 0x169f19c

[06/05/2011 11:52:36] (Notice - virtual void ProtocolGame::parsePacket(NetworkMessage&)) PLAYER: Tayana sent unknown byte: 0x169f19c

[08/05/2011 13:20:59] (Notice - virtual void ProtocolGame::parsePacket(NetworkMessage&)) PLAYER: Elite Lost sent unknown byte: 0x169f19c

[08/05/2011 15:38:24] (Notice - virtual void ProtocolGame::parsePacket(NetworkMessage&)) PLAYER: Caos Druida sent unknown byte: 0x169f19c

[08/05/2011 16:16:08] (Notice - virtual void ProtocolGame::parsePacket(NetworkMessage&)) PLAYER: Caos Druida sent unknown byte: 0x169f19c

[10/05/2011 15:56:19] (Notice - virtual void ProtocolGame::parsePacket(NetworkMessage&)) PLAYER: Makkaku sent unknown byte: 0x169f19c

[10/05/2011 19:16:16] (Notice - virtual void ProtocolGame::parsePacket(NetworkMessage&)) PLAYER: Snoop sent unknown byte: 0x169f19c

[10/05/2011 19:16:16] (Notice - virtual void ProtocolGame::parsePacket(NetworkMessage&)) PLAYER: Snoop sent unknown byte: 0x169f19c

[10/05/2011 19:18:12] (Notice - virtual void ProtocolGame::parsePacket(NetworkMessage&)) PLAYER: Snoop sent unknown byte: 0x169f19c

[10/05/2011 19:18:12] (Notice - virtual void ProtocolGame::parsePacket(NetworkMessage&)) PLAYER: Snoop sent unknown byte: 0x169f19c

[10/05/2011 23:36:30] (Notice - virtual void ProtocolGame::parsePacket(NetworkMessage&)) PLAYER: Snoop sent unknown byte: 0x169f19c

[10/05/2011 23:58:08] (Notice - virtual void ProtocolGame::parsePacket(NetworkMessage&)) PLAYER: Snoop sent unknown byte: 0x169f19c

[10/05/2011 23:58:08] (Notice - virtual void ProtocolGame::parsePacket(NetworkMessage&)) PLAYER: Snoop sent unknown byte: 0x169f19c

[11/05/2011 14:02:24] (Notice - virtual void ProtocolGame::parsePacket(NetworkMessage&)) PLAYER: Snoop sent unknown byte: 0x169f19c

[11/05/2011 15:55:12] (Notice - virtual void ProtocolGame::parsePacket(NetworkMessage&)) PLAYER: Jhow Kurt sent unknown byte: 0x169f19c

[11/05/2011 18:56:00] (Notice - virtual void ProtocolGame::parsePacket(NetworkMessage&)) PLAYER: Snoop sent unknown byte: 0x169f19c

[11/05/2011 18:56:00] (Notice - virtual void ProtocolGame::parsePacket(NetworkMessage&)) PLAYER: Snoop sent unknown byte: 0x169f19c

[11/05/2011 22:53:28] (Notice - virtual void ProtocolGame::parsePacket(NetworkMessage&)) PLAYER: Snoop sent unknown byte: 0x169f19c

[12/05/2011 22:51:37] (Notice - virtual void ProtocolGame::parsePacket(NetworkMessage&)) PLAYER: Snoop sent unknown byte: 0x169f19c

[13/05/2011 00:04:09] (Notice - virtual void ProtocolGame::parsePacket(NetworkMessage&)) PLAYER: Huaa sent unknown byte: 0x169f19c

[13/05/2011 00:04:09] (Notice - virtual void ProtocolGame::parsePacket(NetworkMessage&)) PLAYER: Huaa sent unknown byte: 0x169f19c

[13/05/2011 00:54:56] (Notice - virtual void ProtocolGame::parsePacket(NetworkMessage&)) PLAYER: Huaa sent unknown byte: 0x169f19c

[13/05/2011 03:25:53] (Notice - virtual void ProtocolGame::parsePacket(NetworkMessage&)) PLAYER: Slow Brown sent unknown byte: 0x169f19c

[13/05/2011 10:27:52] (Notice - virtual void ProtocolGame::parsePacket(NetworkMessage&)) PLAYER: Kiknight sent unknown byte: 0x169f19c

[13/05/2011 10:27:52] (Notice - virtual void ProtocolGame::parsePacket(NetworkMessage&)) PLAYER: Kiknight sent unknown byte: 0x169f19c

[13/05/2011 12:01:57] (Notice - virtual void ProtocolGame::parsePacket(NetworkMessage&)) PLAYER: Dark jill sent unknown byte: 0x169f19c

[13/05/2011 23:45:56] (Notice - virtual void ProtocolGame::parsePacket(NetworkMessage&)) PLAYER: Meu nome sent unknown byte: 0x169f19c

[15/05/2011 06:27:14] (Notice - virtual void ProtocolGame::parsePacket(NetworkMessage&)) PLAYER: Tayana sent unknown byte: 0x169f19c

[15/05/2011 06:27:14] (Notice - virtual void ProtocolGame::parsePacket(NetworkMessage&)) PLAYER: Tayana sent unknown byte: 0x169f19c

[15/05/2011 06:35:21] (Notice - virtual void ProtocolGame::parsePacket(NetworkMessage&)) PLAYER: Tayana sent unknown byte: 0x169f19c

[15/05/2011 06:35:21] (Notice - virtual void ProtocolGame::parsePacket(NetworkMessage&)) PLAYER: Tayana sent unknown byte: 0x169f19c

[15/05/2011 06:53:08] (Notice - virtual void ProtocolGame::parsePacket(NetworkMessage&)) PLAYER: Tayana sent unknown byte: 0x169f19c

[15/05/2011 06:53:08] (Notice - virtual void ProtocolGame::parsePacket(NetworkMessage&)) PLAYER: Tayana sent unknown byte: 0x169f19c

[15/05/2011 07:31:28] (Notice - virtual void ProtocolGame::parsePacket(NetworkMessage&)) PLAYER: Tayana sent unknown byte: 0x169f19c

[15/05/2011 07:31:28] (Notice - virtual void ProtocolGame::parsePacket(NetworkMessage&)) PLAYER: Tayana sent unknown byte: 0x169f19c

[16/05/2011 13:13:32] (Notice - virtual void ProtocolGame::parsePacket(NetworkMessage&)) PLAYER: Elite Kiki sent unknown byte: 0x169f19c

[16/05/2011 17:23:23] (Notice - virtual void ProtocolGame::parsePacket(NetworkMessage&)) PLAYER: Sasuke sent unknown byte: 0x169f19c

[17/05/2011 10:26:48] (Notice - virtual void ProtocolGame::parsePacket(NetworkMessage&)) PLAYER: Tayana sent unknown byte: 0x169f19c

[17/05/2011 15:07:58] (Notice - virtual void ProtocolGame::parsePacket(NetworkMessage&)) PLAYER: Dogg sent unknown byte: 0x169f19c

[18/05/2011 22:12:06] (Notice - virtual void ProtocolGame::parsePacket(NetworkMessage&)) PLAYER: Lotdls sent unknown byte: 0x169f19c

[19/05/2011 08:47:40] (Notice - virtual void ProtocolGame::parsePacket(NetworkMessage&)) PLAYER: Tayana sent unknown byte: 0x165f19c

[20/05/2011 22:25:47] (Notice - virtual void ProtocolGame::parsePacket(NetworkMessage&)) PLAYER: Lord Prima Primavera sent unknown byte: 0x165f19c

[26/05/2011 18:57:54] (Notice - virtual void ProtocolGame::parsePacket(NetworkMessage&)) PLAYER: Elemental Cleric sent unknown byte: 0x169f19c

[29/05/2011 18:11:28] (Notice - virtual void ProtocolGame::parsePacket(NetworkMessage&)) PLAYER: Elemental Cleric sent unknown byte: 0x169f19c

[30/05/2011 13:56:14] (Notice - virtual void ProtocolGame::parsePacket(NetworkMessage&)) PLAYER: Eddy Pica Cheirosa sent unknown byte: 0x169f19c

