[19/08/2010 20:11:05] Aries: help
[19/04/2011 22:24:23] Bananas: 22:23 Super Global [130]: ENTEM NO superglobal.servegame.com 8.6 SEM TOPS 24HRS COMEÇA 150X GOGO RULA ACC: SÓ DA ENTER BREVE SITE GANHA 100k PRA COMEÇA
[20/04/2011 16:59:55] Linkin park: god ta on
[20/04/2011 16:59:56] Linkin park: ?
[22/04/2011 02:02:21] Avassalador: tem algum gm ou god on ?
[22/04/2011 20:27:48] Jet li: goddddddddddddddddddddddddddddddddddddddddddddddddddd
[22/04/2011 20:27:48] Jet li: goddddddddddddddddddddddddddddddddddddddddddddddddddd
[26/04/2011 12:40:11] Chameginho: pq o server esta caindo assim?
[26/04/2011 12:49:02] Dillon: OLá?
[26/04/2011 12:49:06] Dillon: God tae?
[26/04/2011 12:52:33] Dillon: God tae?
[26/04/2011 13:00:03] Dillon: GOD TAE?
[26/04/2011 14:29:14] Zika: ta ae god
[26/04/2011 15:02:46] Peppi: no otserv tem npc que vende itens ?, tipo soft, etc ?
[26/04/2011 16:11:07] Senhor Mal: qm tem soft nesse serve?:
[26/04/2011 16:52:24] Alicate: god
[26/04/2011 16:52:26] Alicate: nao tem
[26/04/2011 16:52:27] Alicate: teleporte
[26/04/2011 16:52:29] Alicate: de volta
[26/04/2011 16:52:30] Alicate: aki nao
[26/04/2011 16:52:39] Alicate: onde q eu to
[26/04/2011 16:56:44] Black label: god online
[26/04/2011 16:56:44] Black label: ?
[26/04/2011 17:00:27] Reaf: go
[26/04/2011 17:00:31] Reaf: god
[26/04/2011 17:20:15] Alicate: god acount maneger  ta prestano
[26/04/2011 17:20:17] Alicate: nao 
[26/04/2011 17:50:55] Nevaxz: admin?
[26/04/2011 17:58:27] Bloker Loko: GOD ME AJUDA TO PRESO !!!!
[26/04/2011 17:58:36] Nevaxz: god axo q ta off
[26/04/2011 17:58:40] Bloker Loko: aff
[26/04/2011 17:58:47] Bloker Loko: como q saio aki de frost
[26/04/2011 17:58:54] Bloker Loko: cai em um buraco e nem sei volta
[26/04/2011 17:59:01] Bloker Loko: vem ake please
[26/04/2011 17:59:05] Nevaxz: aonde é?
[26/04/2011 17:59:16] Bloker Loko: frost
[26/04/2011 17:59:23] Bloker Loko: frost dragon
[26/04/2011 17:59:54] Nevaxz: cara ae fika preso nois 2?
[26/04/2011 17:59:58] Nevaxz: tem bixo ae nao
[26/04/2011 17:59:59] Nevaxz: ?
[26/04/2011 18:01:18] Nevaxz: ae pq tem pokos outifit?
[26/04/2011 18:15:56] Ily Arms: god ta ai?
[26/04/2011 18:35:46] Banida: oi
[26/04/2011 18:35:49] Banida: gm
[26/04/2011 18:36:25] Ily Arms: ow
[26/04/2011 18:36:28] Ily Arms: mals ;s
[26/04/2011 19:40:44] Ily Arms: ta ae god?
[26/04/2011 20:05:51] Ily Arms: ta ai god?
[26/04/2011 20:44:06] Oscar Alho: gm ai???
[26/04/2011 20:44:26] Oscar Alho: tutor alguem ai
[26/04/2011 21:17:04] Jack Stripador: god
[26/04/2011 21:18:37] Ily Arms: shuashaushaus
[26/04/2011 21:18:38] Ily Arms: ops
[26/04/2011 21:29:12] Oscar Alho: god???
[26/04/2011 21:29:15] Oscar Alho: tem um bot aki
[27/04/2011 11:14:56] Tayana: gm on
[27/04/2011 12:06:47] Jet li: buggggggggggg
[27/04/2011 12:13:39] Jet li: 1gooddddddd
[27/04/2011 14:07:01] Trincadinha: aonde recarega soft
[27/04/2011 15:20:30] Ily Arms: adm ta ai?
[27/04/2011 15:29:57] Reaf: go
[27/04/2011 15:30:01] Reaf: god ta ae
[27/04/2011 15:41:42] Ily Arms: ta ae adm?
[28/04/2011 01:29:21] Zika: hi
[28/04/2011 15:23:37] Poppi: adm vc ta ai
[28/04/2011 15:26:47] Poppi: help
[28/04/2011 15:35:44] Poppi: ot Mo Lixão adm Perder alinha fast Ot Lixo Adm Perder Alinha NoOB ======D
[28/04/2011 18:34:55] Ghoosty: god ta ae?
[29/04/2011 12:48:40] Lups: AFFFFFFFFFFFFFF
[29/04/2011 12:48:41] Lups: GOD
[29/04/2011 12:48:43] Lups: O OT CAIO
[29/04/2011 12:48:51] Lups: afff
[29/04/2011 12:48:53] Lups: perdi meus lvl
[29/04/2011 12:48:58] Lups: tava 30
[29/04/2011 12:49:00] Lups: tava 305
[29/04/2011 12:49:01] Lups: aff
[29/04/2011 14:12:07] Elemental: GM ajuda ae
[29/04/2011 18:16:45] Knight Docinhu: a
[29/04/2011 18:16:47] Knight Docinhu: nao vale iso
[29/04/2011 18:16:47] Knight Docinhu: mano
[29/04/2011 18:19:22] Knight Docinhu: no prox evento eu vo valer
[29/04/2011 18:22:07] Knight Docinhu: GOD OIA O NOB AKI ME TRAPAN
[29/04/2011 18:27:50] Knight Docinhu: TEM NEGO PZ MAN
[29/04/2011 18:34:53] Knight Docinhu: go
[29/04/2011 18:34:54] Mari Mage: ok
[29/04/2011 18:34:55] Druid Malandro: blza
[29/04/2011 18:34:56] Elemental: fast
[29/04/2011 18:34:59] Tayana: manda
[29/04/2011 18:35:02] Warmage: SO PODE 1 RESPOSTA
[29/04/2011 18:35:06] Warmage: SO PODE FALA 1X
[29/04/2011 18:35:12] Warmage: NAO PODE SPAMEAR!
[29/04/2011 18:35:19] Elemental: entao para de da spam
[29/04/2011 18:35:21] Druid Malandro: falai brother
[29/04/2011 18:35:31] Tayana: manda
[29/04/2011 18:35:32] Tayana: logo
[29/04/2011 18:35:36] Mari Mage: n digito rapido
[29/04/2011 18:35:48] Tayana: hahahay
[29/04/2011 18:36:02] Tayana: kkkk
[29/04/2011 18:36:05] Mari Mage: vai logo
[29/04/2011 18:36:10] Jamas: manda ae
[29/04/2011 18:36:17] Ares: anda
[29/04/2011 18:36:28] Tayana: affs
[29/04/2011 18:36:31] Mari Mage: vaiii
[29/04/2011 18:36:39] Ares: ok
[29/04/2011 18:36:40] Ares: manda
[29/04/2011 18:36:47] Jamas: lixin
[29/04/2011 18:36:48] Druid Malandro: 1002[
[29/04/2011 18:36:49] Warmage: 98
[29/04/2011 18:36:50] Warmage: 98
[29/04/2011 18:36:50] Warmage: 98
[29/04/2011 18:36:51] Sixth Aspect: 1900
[29/04/2011 18:36:51] Druid Malandro: 1992
[29/04/2011 18:36:51] Elemental: 1997
[29/04/2011 18:36:51] Sixth Aspect: 1900
[29/04/2011 18:36:51] Warmage: 98
[29/04/2011 18:36:52] Mari Mage: 1997
[29/04/2011 18:36:52] Sixth Aspect: 1900
[29/04/2011 18:36:52] Warmage: 98
[29/04/2011 18:36:52] Jamas: blz
[29/04/2011 18:36:52] Elemental: 1997
[29/04/2011 18:36:52] Tayana: 98
[29/04/2011 18:36:52] Elemental: 1997
[29/04/2011 18:36:53] Elemental: 1997
[29/04/2011 18:36:53] Knight Docinhu: 97
[29/04/2011 18:36:53] Druid Malandro: 1992
[29/04/2011 18:36:53] Sixth Aspect: 1900
[29/04/2011 18:36:53] Warmage: 98
[29/04/2011 18:36:54] Sixth Aspect: 1900
[29/04/2011 18:36:54] Elemental: 1997
[29/04/2011 18:36:54] Sixth Aspect: 1900
[29/04/2011 18:36:55] Tayana: 1900
[29/04/2011 18:36:55] Elemental: 1997
[29/04/2011 18:36:56] Knight Docinhu: 1998
[29/04/2011 18:36:56] Ares: 1997
[29/04/2011 18:36:56] Tayana: 200
[29/04/2011 18:36:56] Knight Docinhu: 1998
[29/04/2011 18:36:57] Knight Docinhu: 1998
[29/04/2011 18:36:57] Knight Docinhu: 1998
[29/04/2011 18:36:57] Warmage: 98
[29/04/2011 18:36:57] Knight Docinhu: 1998
[29/04/2011 18:36:57] Ares: 1997
[29/04/2011 18:36:58] Jamas: 1998
[29/04/2011 18:36:59] Elemental: 1998
[29/04/2011 18:37:00] Ares: 1997
[29/04/2011 18:37:00] Elemental: 1999
[29/04/2011 18:37:01] Sixth Aspect: 90
[29/04/2011 18:37:01] Knight Docinhu: 1998
[29/04/2011 18:37:02] Jamas: 1998
[29/04/2011 18:37:03] Warmage: 98
[29/04/2011 18:37:03] Warmage: 98
[29/04/2011 18:37:03] Ares: 1997
[29/04/2011 18:37:03] Elemental: 2000
[29/04/2011 18:37:04] Tayana: 92
[29/04/2011 18:37:05] Elemental: 2001
[29/04/2011 18:37:05] Warmage: 98
[29/04/2011 18:37:05] Knight Docinhu: 1998
[29/04/2011 18:37:06] Tayana: 88
[29/04/2011 18:37:06] Elemental: 2002
[29/04/2011 18:37:07] Ares: 98
[29/04/2011 18:37:08] Jamas: 1998
[29/04/2011 18:37:08] Elemental: 2003
[29/04/2011 18:37:08] Knight Docinhu: 1998
[29/04/2011 18:37:08] Tayana: 80
[29/04/2011 18:37:08] Ares: 98
[29/04/2011 18:37:08] Knight Docinhu: 1998
[29/04/2011 18:37:09] Elemental: 2004
[29/04/2011 18:37:09] Sixth Aspect: 1990
[29/04/2011 18:37:09] Ares: 98
[29/04/2011 18:37:09] Tayana: 70
[29/04/2011 18:37:10] Sixth Aspect: 1990
[29/04/2011 18:37:11] Ares: 98
[29/04/2011 18:37:11] Tayana: 75
[29/04/2011 18:37:11] Warmage: 2001 TEVE UM RESET
[29/04/2011 18:37:12] Jamas: 1998
[29/04/2011 18:37:12] Tayana: 85
[29/04/2011 18:37:12] Ares: 98
[29/04/2011 18:37:13] Tayana: 95
[29/04/2011 18:37:14] Tayana: 6
[29/04/2011 18:37:15] Warmage: MAS 2008 FOI INICIALMENTE
[29/04/2011 18:37:15] Tayana: 775
[29/04/2011 18:37:15] Sixth Aspect: 1990
[29/04/2011 18:37:16] Sixth Aspect: 1990
[29/04/2011 18:37:17] Sixth Aspect: 1990
[29/04/2011 18:37:17] Ares: 98
[29/04/2011 18:37:17] Sixth Aspect: 1990
[29/04/2011 18:37:17] Sixth Aspect: 1990
[29/04/2011 18:37:18] Ares: 98
[29/04/2011 18:37:20] Warmage: NA VERDADE FOI 2006 NA VESAO BETA
[29/04/2011 18:37:21] Warmage: NA VERDADE FOI 2006 NA VESAO BETA
[29/04/2011 18:37:22] Tayana: euu
[29/04/2011 18:37:24] Tayana: aceitei
[29/04/2011 18:37:25] Druid Malandro: quem ganho?
[29/04/2011 18:37:28] Warmage: MAS OFICIALMENTE 2008
[29/04/2011 18:37:29] Tayana: por favor
[29/04/2011 18:37:30] Elemental: ASUHAUSH SO FODA
[29/04/2011 18:37:39] Elemental: fui de cara so foda
[29/04/2011 18:37:39] Sixth Aspect: LOL
[29/04/2011 18:37:40] Sixth Aspect: O CARA
[29/04/2011 18:37:40] Sixth Aspect: FALO
[29/04/2011 18:37:42] Sixth Aspect: 2004
[29/04/2011 18:37:43] Sixth Aspect: E GANHO
[29/04/2011 18:37:47] Sixth Aspect: KÓWERKOWERÓKWERÓWERÓKOER´WKÓWREKÓWERKOWERÓKWERÓWERÓKOER´WKÓWREKÓWERKOWERÓKWERÓWERÓKOER´WKÓWREKÓWERKOWERÓKWERÓWERÓKOER´WKÓWREKÓWERKOWERÓKWERÓWERÓKOER´WKÓWREKÓWERKOWERÓKWERÓWERÓKOER´WKÓWREKÓWERKOWERÓKWERÓWERÓKOER´WKÓWREKÓWERKOWERÓKWERÓWERÓKOER´WKÓWREKÓWERKO
[29/04/2011 18:37:47] Jamas: aff vey so novo no ot
[29/04/2011 18:37:48] [Administrador]Tibia-Enforced: kkkkkkkkkkkkk
[29/04/2011 18:37:50] Mari Mage: eu respondi segundo
[29/04/2011 18:37:50] [Administrador]Tibia-Enforced: nem eh
[29/04/2011 18:37:52] Mari Mage: eu respondi segundo
[29/04/2011 18:37:52] Elemental: 18:33 Warmage [257]: 98 18:33 Sixth Aspect [283]: 1900 18:33 Druid Malandro [152]: 1992 18:33 Elemental [234]: 1997 18:33 Sixth Aspect [283]: 1900
[29/04/2011 18:37:54] Elemental: 18:33 Warmage [257]: 98 18:33 Sixth Aspect [283]: 1900 18:33 Druid Malandro [152]: 1992 18:33 Elemental [234]: 1997 18:33 Sixth Aspect [283]: 1900
[29/04/2011 18:37:57] Elemental: fui o primeiro
[29/04/2011 18:38:03] Mari Mage: eu respondi segundo
[29/04/2011 18:38:18] Mari Mage: segundo lugar calça
[29/04/2011 18:38:28] Elemental: é o set todo pra qm acerto
[29/04/2011 18:38:28] Elemental: ;x
[29/04/2011 18:38:49] Jamas: ?
[29/04/2011 18:39:36] Jamas: xD
[29/04/2011 19:44:28] Mari Mage: para
[29/04/2011 23:01:05] Knight Kratos: god , cm on?
[30/04/2011 12:44:55] Knight Docinhu: IAI GOD JA MORRI 3x POR CAUSA DISo
[30/04/2011 12:45:11] Knight Docinhu: OT FIKA CAINo
[30/04/2011 16:16:43] Knight Docinhu: so falta adc os 500k qe perdi
[30/04/2011 16:58:57] Marcelo Druid: gof
[30/04/2011 16:58:59] Marcelo Druid: gof
[30/04/2011 16:59:01] Marcelo Druid: god
[30/04/2011 16:59:03] Marcelo Druid: tai ai
[30/04/2011 16:59:03] Marcelo Druid: ?
[30/04/2011 17:15:28] Marcelo Druid: O
[30/04/2011 17:15:30] Marcelo Druid: GOD
[30/04/2011 18:16:40] Tayana: lagggggggggggggggggg
[01/05/2011 01:21:08] Kaiil Zhan: Gm
[01/05/2011 01:21:11] Kaiil Zhan: o serv ta bugado
[01/05/2011 01:21:15] Kaiil Zhan: nao consigo upa
[01/05/2011 17:23:50] Crazy Darck: onde é
[01/05/2011 17:23:52] Crazy Darck: a loja
[01/05/2011 17:26:45] Will Turner: Aff
[01/05/2011 17:26:47] Will Turner: pohha tanto
[01/05/2011 17:26:49] Will Turner: d botter
[01/05/2011 17:26:52] Will Turner: god otario
[01/05/2011 17:26:53] Will Turner: pwp
[01/05/2011 17:27:01] Crazy Darck: foda nego
[01/05/2011 17:27:13] Will Turner: d++
[01/05/2011 17:47:38] Knight Kratos: god
[01/05/2011 17:47:47] Knight Kratos: fais outro evento plz eu entrei qd tava acabando
[01/05/2011 17:50:51] Kina Mirz: Gm ta ai?
[02/05/2011 18:40:09] Pimpa: AI adm ta on?
[02/05/2011 18:49:33] Vulcano: ta ai adm
[02/05/2011 18:49:35] Vulcano: ?1
[02/05/2011 18:49:45] [Administrador]Tibia-Enforced: ?
[02/05/2011 18:49:48] Mari Mage: como consegui itens vip?
[02/05/2011 18:49:48] Vulcano: onde pega a rod de holy?
[02/05/2011 18:50:15] Sixth Almond: Ai adm demoro pra voce faze um evento de item vip em
[02/05/2011 18:50:26] Vulcano: e quando acontece esse evento
[02/05/2011 18:50:43] Whrat Of Fire: abaixa o preço da yarn spool tá 10kk cada na buma =x
[02/05/2011 18:50:48] [Administrador]Tibia-Enforced: sempre de noite
[02/05/2011 18:50:53] [Administrador]Tibia-Enforced: tah 1 kk cada uma..
[02/05/2011 18:50:58] Whrat Of Fire: vish
[02/05/2011 18:51:01] Whrat Of Fire: 10kk pra fazer 10 =x
[02/05/2011 18:51:15] [Administrador]Tibia-Enforced: quanto mais dificil
[02/05/2011 18:51:17] [Administrador]Tibia-Enforced: mais valor tem o addon
[02/05/2011 18:51:18] [Administrador]Tibia-Enforced: :]
[02/05/2011 18:51:27] Whrat Of Fire: ASUEUHe
[02/05/2011 18:51:34] Whrat Of Fire: eu quero a barbarian eu amo *_*
[02/05/2011 18:51:56] [Administrador]Tibia-Enforced: entao si o addon eh fooda
[02/05/2011 18:52:00] [Administrador]Tibia-Enforced: quando tu tiver
[02/05/2011 18:52:02] [Administrador]Tibia-Enforced: vc sera fooda
[02/05/2011 18:52:03] [Administrador]Tibia-Enforced: kkkkkkk
[02/05/2011 18:52:05] Pimpa: ei
[02/05/2011 18:52:05] Pimpa: adm
[02/05/2011 18:52:10] [Administrador]Tibia-Enforced: ?
[02/05/2011 18:52:14] Whrat Of Fire: eu ja sou foda sem o addon AUHSEUHASEUHASE
[02/05/2011 18:52:15] Pimpa: si ligua vem aki onde eu to pera 
[02/05/2011 18:52:15] Vulcano: mais que hras acontece o evento
[02/05/2011 18:52:16] Vulcano: mano
[02/05/2011 18:52:17] Pimpa: deixa eu ir la
[02/05/2011 18:52:34] [Administrador]Tibia-Enforced: daki a poco fasso uns
[02/05/2011 18:52:35] Killers: onde fica npc de vende itens????????
[02/05/2011 18:52:36] [Administrador]Tibia-Enforced: so nao acelera
[02/05/2011 18:52:43] [Administrador]Tibia-Enforced: do lado da cornelia
[02/05/2011 18:52:50] [Administrador]Tibia-Enforced: e no npc rashid em cima do dp
[02/05/2011 18:52:51] Pimpa: adm
[02/05/2011 18:52:54] Pimpa: vem aki onde eu trou
[02/05/2011 18:52:57] Pimpa: da uma olhadda aki
[02/05/2011 18:52:58] Killers: hi
[02/05/2011 18:52:58] Pimpa: nisso
[02/05/2011 18:52:59] Killers: trade
[02/05/2011 18:53:01] Killers: trade
[02/05/2011 18:53:08] Kiknight: adm sei um bug
[02/05/2011 18:53:12] [Administrador]Tibia-Enforced: calma
[02/05/2011 18:53:14] Killers: vlw
[02/05/2011 18:53:16] Killers: adm
[02/05/2011 18:53:18] Killers: achei
[02/05/2011 18:53:22] [Administrador]Tibia-Enforced: :]
[02/05/2011 18:53:34] Mari Mage: adm q hrs vai faze evento?
[02/05/2011 18:54:03] [Administrador]Tibia-Enforced: dake a poco
[02/05/2011 18:54:04] [Administrador]Tibia-Enforced: eu disse
[02/05/2011 18:54:07] [Administrador]Tibia-Enforced: pra nao acelerar
[02/05/2011 18:54:11] Kiknight: adm
[02/05/2011 18:54:14] Kiknight: sei um bug
[02/05/2011 18:54:19] [Administrador]Tibia-Enforced: calma
[02/05/2011 18:54:22] Kiknight: que prejudica muito o serve
[02/05/2011 18:55:02] Kiknight: os famosos bugs de outfit
[02/05/2011 18:55:31] [Administrador]Tibia-Enforced: o druid?
[02/05/2011 18:55:41] Kiknight: wyfarre
[02/05/2011 18:55:55] Sorc Lokitoo: NAO
[02/05/2011 18:55:55] Kiknight: eu
[02/05/2011 18:55:57] Kiknight: fiz
[02/05/2011 18:56:01] Kiknight: o scond addon
[02/05/2011 18:56:08] Kiknight: mais nao tem arroupa
[02/05/2011 18:56:20] Pimpa: ei
[02/05/2011 18:56:20] Pimpa: adm 
[02/05/2011 18:56:28] Pimpa: vem cah onde eu to 
[02/05/2011 18:56:34] [Administrador]Tibia-Enforced: calma veio
[02/05/2011 18:56:37] Sorc Lokitoo: ADM PQ TEM MLK COM WAND VIP SENDO QUE NAO TEM QUEST PRA PEGAR ESSA WAND ?
[02/05/2011 18:56:37] [Administrador]Tibia-Enforced: to vendo o negosio do cara ake
[02/05/2011 18:56:45] [Administrador]Tibia-Enforced: ja disse
[02/05/2011 18:56:47] [Administrador]Tibia-Enforced: eh so por evento
[02/05/2011 18:57:04] Sorc Lokitoo: JOGO SEU OT 24 HRS
[02/05/2011 18:57:07] Sorc Lokitoo: NUM VI NENHUM EVENTO
[02/05/2011 18:58:10] [Administrador]Tibia-Enforced: 18:58 Uptime: 22 hours and 27 minutes.
[02/05/2011 18:58:12] [Administrador]Tibia-Enforced: tah atrasado
[02/05/2011 18:58:14] Mario of Armario: ou tem quest pa wand vip ?
[02/05/2011 18:58:19] Sorc Lokitoo: BOATOS NA CITY QYE VC EH VIADINHO
[02/05/2011 18:58:21] Impacto: pior god
[02/05/2011 18:58:23] Impacto: se podia bota
[02/05/2011 18:58:24] Impacto: ;X
[02/05/2011 18:58:25] [Administrador]Tibia-Enforced: tah mezuando
[02/05/2011 18:58:36] Impacto: mas dai
[02/05/2011 18:58:40] Impacto: bota  uuns bixo foda neh
[02/05/2011 18:58:49] [Administrador]Tibia-Enforced: que joga cum bixo foda vai joga baiak
[02/05/2011 18:59:02] Impacto: nen
[02/05/2011 18:59:36] Sixth Almond: ADM
[02/05/2011 18:59:42] Sixth Almond: COMO POE A ROPA DO ASSASSIN
[02/05/2011 18:59:43] Sixth Almond: ?
[02/05/2011 18:59:52] Mario of Armario: AUSHUAHS
[02/05/2011 18:59:55] [Administrador]Tibia-Enforced: como assim man?o.o
[02/05/2011 19:00:00] Mario of Armario: só tinha q por mais huntts
[02/05/2011 19:00:05] Perequito: NOSSA MANO
[02/05/2011 19:00:09] Perequito: QUE HUNTS UQ
[02/05/2011 19:00:14] Mario of Armario: ASHUAHS
[02/05/2011 19:00:16] [Administrador]Tibia-Enforced: lol tem mais de 20 tp no momento
[02/05/2011 19:00:18] Perequito: VAI PRA SERVER APENAS PVP ENTAUM
[02/05/2011 19:00:21] Killers: kkkkk
[02/05/2011 19:00:30] Perequito: ALEM DE VARIAS HUNTES É PVPE
[02/05/2011 19:00:30] Mario of Armario: o god ponhe a quest da wand vip
[02/05/2011 19:00:34] Mario of Armario: os nego com essa wand
[02/05/2011 19:00:34] Mario of Armario: soca mt
[02/05/2011 19:00:40] Pimpa: VEM
[02/05/2011 19:00:40] [Administrador]Tibia-Enforced: esse mapa era so carlin veio
[02/05/2011 19:00:42] Pimpa: EU VO SOLOA
[02/05/2011 19:00:47] [Administrador]Tibia-Enforced: nao tinha porra nenhuma
[02/05/2011 19:00:57] Perequito: nossa ta mt bom o ot
[02/05/2011 19:01:04] Perequito: ;D
[02/05/2011 19:01:23] [Administrador]Tibia-Enforced: vlw man :]
[02/05/2011 19:01:53] Impacto: ta rox o ot god
[02/05/2011 19:01:53] Impacto: ;D
[02/05/2011 19:02:33] Whrat Of Fire: mto bom sim :D to viciado nesse ot
[02/05/2011 19:02:34] Sixth Almond: GOD
[02/05/2011 19:02:36] [Administrador]Tibia-Enforced: brigado tbm man :]
[02/05/2011 19:02:38] Whrat Of Fire: deixei o ambera pra vim aq kk
[02/05/2011 19:02:46] Sixth Almond: VOCE DIVIA COLOCA A EXP 25X DPS DO 301 EM MANO
[02/05/2011 19:02:46] [Administrador]Tibia-Enforced: kkkk
[02/05/2011 19:02:49] Whrat Of Fire: deixei de estudar por causa desse ot fdp
[02/05/2011 19:02:50] Whrat Of Fire: OSEAKKOSAEKOASEOKSAEOKASE
[02/05/2011 19:02:52] Whrat Of Fire: mentira eu nunca estudei
[02/05/2011 19:02:54] Sixth Almond: AI DPS DO 350 VOCEW COLOCAVA 15X
[02/05/2011 19:03:14] [Administrador]Tibia-Enforced: nao poxo muito lvl 300+ ai ja fica fodinha
[02/05/2011 19:03:15] Whrat Of Fire: coloca kina menos avacalhado
[02/05/2011 19:03:31] [Administrador]Tibia-Enforced: pow pra min tah balanceado
[02/05/2011 19:03:33] [Administrador]Tibia-Enforced: pq tipo
[02/05/2011 19:03:37] Whrat Of Fire: nem ta
[02/05/2011 19:03:39] [Administrador]Tibia-Enforced: os mage
[02/05/2011 19:03:40] Whrat Of Fire: 10 mage pra 1 kina?
[02/05/2011 19:03:41] Sixth Almond: KINA TA SUAVI
[02/05/2011 19:03:47] [Administrador]Tibia-Enforced: bate de mais na ue
[02/05/2011 19:03:48] Sixth Almond: OQUE TA ZUADO E OS PALLY
[02/05/2011 19:03:49] Sixth Almond: PALLY NAO MORRE
[02/05/2011 19:03:50] [Administrador]Tibia-Enforced: isso pq
[02/05/2011 19:03:54] [Administrador]Tibia-Enforced: ontem
[02/05/2011 19:03:56] [Administrador]Tibia-Enforced: eu almentei
[02/05/2011 19:03:59] [Administrador]Tibia-Enforced: de 1.2
[02/05/2011 19:04:05] [Administrador]Tibia-Enforced: pra 1.4
[02/05/2011 19:04:09] [Administrador]Tibia-Enforced: a força das 4 vocação
[02/05/2011 19:04:20] [Administrador]Tibia-Enforced: i tipo
[02/05/2011 19:04:20] Sixth Almond: god
[02/05/2011 19:04:24] Impacto: paly ta foda?
[02/05/2011 19:04:25] [Administrador]Tibia-Enforced: fire elemental
[02/05/2011 19:04:28] Perequito: da tudo equelibrado
[02/05/2011 19:04:32] [Administrador]Tibia-Enforced: os bixin bate sem para
[02/05/2011 19:04:33] Sixth Almond: mano
[02/05/2011 19:04:35] [Administrador]Tibia-Enforced: e ainda
[02/05/2011 19:04:35] Sixth Almond: pally nao morre
[02/05/2011 19:04:36] Sixth Almond: -.-
[02/05/2011 19:04:39] Sixth Almond: Pally não morre
[02/05/2011 19:04:40] Impacto: lol
[02/05/2011 19:04:41] Impacto: ?
[02/05/2011 19:04:51] [Administrador]Tibia-Enforced: so sd eh dificil morre
[02/05/2011 19:04:52] [Administrador]Tibia-Enforced: isso pq
[02/05/2011 19:04:54] [Administrador]Tibia-Enforced: eu abaixei
[02/05/2011 19:04:58] [Administrador]Tibia-Enforced: o heal dos paly
[02/05/2011 19:05:03] [Administrador]Tibia-Enforced: tah 1.0
[02/05/2011 19:05:06] [Administrador]Tibia-Enforced: tava 1.2
[02/05/2011 19:05:11] Sixth Almond: hum
[02/05/2011 19:05:17] [Administrador]Tibia-Enforced: vo abaixa mais do q o normal ainda o.o
[02/05/2011 19:05:17] Sorc Lokitoo: LOL
[02/05/2011 19:05:23] Sorc Lokitoo: TU ABAIXO O HEAL DOS PALA
[02/05/2011 19:05:27] Sorc Lokitoo: ALMENTA O ATK ENTAO
[02/05/2011 19:05:32] [Administrador]Tibia-Enforced: mais atk??
[02/05/2011 19:05:35] Sorc Lokitoo: PALA JA NUM EH BOM EIN ENFORCED
[02/05/2011 19:05:35] [Administrador]Tibia-Enforced: olha quanto bate
[02/05/2011 19:05:36] Perequito: ??
[02/05/2011 19:05:36] [Administrador]Tibia-Enforced: sadkopsdkaopsdakopsda
[02/05/2011 19:05:40] Perequito: sé loko man
[02/05/2011 19:05:44] Sorc Lokitoo: E AINDA TU TIRA O HEAL
[02/05/2011 19:05:46] Perequito: paaly bate pra craio
[02/05/2011 19:05:56] Perequito: alem do skill ser o mais rapido pra subi
[02/05/2011 19:05:59] Whrat Of Fire: aweee finalmente poi *_*
[02/05/2011 19:06:00] [Administrador]Tibia-Enforced: mas qualquer kina
[02/05/2011 19:06:05] [Administrador]Tibia-Enforced: ops 
[02/05/2011 19:06:08] [Administrador]Tibia-Enforced: ontem mesm
[02/05/2011 19:06:11] [Administrador]Tibia-Enforced: eu vi
[02/05/2011 19:06:20] [Administrador]Tibia-Enforced: 5 ou 6 tiuzin
[02/05/2011 19:06:21] [Administrador]Tibia-Enforced: pra mata
[02/05/2011 19:06:22] [Administrador]Tibia-Enforced: um druid
[02/05/2011 19:06:25] [Administrador]Tibia-Enforced: lvl 300
[02/05/2011 19:06:27] [Administrador]Tibia-Enforced: no life
[02/05/2011 19:06:27] Mario of Armario: ou cara se vai colocar a quest do itens vip la ?
[02/05/2011 19:06:43] [Administrador]Tibia-Enforced: quest de iten vip nao rola ainda..
[02/05/2011 19:06:47] [Administrador]Tibia-Enforced: si for pra coloka
[02/05/2011 19:06:50] [Administrador]Tibia-Enforced: vo ter q bola
[02/05/2011 19:06:54] [Administrador]Tibia-Enforced: uma coisa bem bolada e tals
[02/05/2011 19:07:00] [Administrador]Tibia-Enforced: por enquanto
[02/05/2011 19:07:04] [Administrador]Tibia-Enforced: to preocupando cum as hunts
[02/05/2011 19:07:05] [Administrador]Tibia-Enforced: os bugs
[02/05/2011 19:07:09] [Administrador]Tibia-Enforced: e coloka sempre mais quest
[02/05/2011 19:07:17] Sixth Almond: ADM
[02/05/2011 19:07:19] Sixth Almond: FAZ 1 QUEST
[02/05/2011 19:07:22] Sixth Almond: DOS ITEM VIP
[02/05/2011 19:07:25] Sixth Almond: AS ARMA VIP
[02/05/2011 19:07:31] [Administrador]Tibia-Enforced: q merda seis ignora oq eu falo
[02/05/2011 19:07:32] [Administrador]Tibia-Enforced: -.-
[02/05/2011 19:07:37] Sixth Almond: eu nao vi
[02/05/2011 19:07:38] Sixth Almond: oque voce falo
[02/05/2011 19:07:39] Sixth Almond: '-'
[02/05/2011 19:07:41] Impacto: god
[02/05/2011 19:07:44] [Administrador]Tibia-Enforced: entao veja
[02/05/2011 19:07:50] Impacto: as hunts ja ta boa pakas cara
[02/05/2011 19:07:52] Sixth Almond: omg
[02/05/2011 19:08:04] [Administrador]Tibia-Enforced: eu sei man
[02/05/2011 19:08:10] Sorc Lokitoo: TA NADA
[02/05/2011 19:08:16] Impacto: ta simm  mlk
[02/05/2011 19:08:16] [Administrador]Tibia-Enforced: eu penso como player
[02/05/2011 19:08:17] Sorc Lokitoo: NUM TEM HUNT PRA TODOAS OS PLAYERS
[02/05/2011 19:08:19] [Administrador]Tibia-Enforced: eu sei q tem
[02/05/2011 19:08:20] Impacto: to jogando a 3 dia
[02/05/2011 19:08:22] [Administrador]Tibia-Enforced: mas sempre quero mais
[02/05/2011 19:08:22] Impacto: e oolha meu lvl
[02/05/2011 19:08:23] Sorc Lokitoo: PRECISA DE UMA CIDADE NOVA TBM
[02/05/2011 19:08:29] Impacto: nen
[02/05/2011 19:08:31] [Administrador]Tibia-Enforced: ake num eh global
[02/05/2011 19:08:32] [Administrador]Tibia-Enforced: sadkopsdakposdakposda
[02/05/2011 19:08:33] Impacto: carlin ta bom
[02/05/2011 19:08:39] [Administrador]Tibia-Enforced: apesar q eu queria faze assim
[02/05/2011 19:08:43] [Administrador]Tibia-Enforced: tipo
[02/05/2011 19:08:52] Mario of Armario: vai te a quest la ou n
[02/05/2011 19:08:54] [Administrador]Tibia-Enforced: pegas as cidades globais
[02/05/2011 19:08:54] Mario of Armario: resopnde ae ?
[02/05/2011 19:08:58] [Administrador]Tibia-Enforced: n
[02/05/2011 19:09:04] Mario of Armario: e como agente vai arruma a wand
[02/05/2011 19:09:04] Mario of Armario: ?
[02/05/2011 19:09:09] Impacto: evento
[02/05/2011 19:09:10] [Administrador]Tibia-Enforced: evento mano
[02/05/2011 19:09:11] [Administrador]Tibia-Enforced: -.-
[02/05/2011 19:09:21] Sorc Lokitoo: KRL GO
[02/05/2011 19:09:22] Sorc Lokitoo: GOD
[02/05/2011 19:09:24] Mario of Armario: faz evento ai
[02/05/2011 19:09:25] Sorc Lokitoo: TU EH MO FDP
[02/05/2011 19:09:29] Sorc Lokitoo: PERGUNTEI MIL VEZES
[02/05/2011 19:09:29] Mario of Armario: o.o
[02/05/2011 19:09:35] Sorc Lokitoo: SE TU QUERIA FAZER UM MAPA GLOBAL
[02/05/2011 19:09:39] Sorc Lokitoo: TU NUM RESPONDE
[02/05/2011 19:10:03] [Administrador]Tibia-Enforced: coisa global
[02/05/2011 19:10:03] Impacto: ;D
[02/05/2011 19:10:03] Impacto: sapokskap
[02/05/2011 19:10:09] [Administrador]Tibia-Enforced: eh pra coisa com dedicado
[02/05/2011 19:10:12] Impacto: q tipo de evento é?
[02/05/2011 19:10:14] [Administrador]Tibia-Enforced: eh pra projeto grand
[02/05/2011 19:10:19] Sorc Lokitoo: lol
[02/05/2011 19:10:19] Impacto: q tipo de evento é?
[02/05/2011 19:10:23] [Administrador]Tibia-Enforced: quando for evento
[02/05/2011 19:10:26] [Administrador]Tibia-Enforced: vcs vao sabe
[02/05/2011 19:10:28] Sorc Lokitoo: ta GASTANDO ENERGIA ATOA
[02/05/2011 19:10:31] Impacto: vai te hj?
[02/05/2011 19:10:34] Sorc Lokitoo: COM ISSO AQUI VC NAO VAI PRA FRENTE
[02/05/2011 19:10:37] [Administrador]Tibia-Enforced: meu pc eh 24 horas ccom ou sem ot
[02/05/2011 19:10:44] Sorc Lokitoo: MOSS
[02/05/2011 19:10:52] Sorc Lokitoo: EH DE PEQUENO QUE SE FAZ O GRANDE
[02/05/2011 19:10:54] [Administrador]Tibia-Enforced: ja trokei umas 10 fonte de energia
[02/05/2011 19:10:55] Sorc Lokitoo: COMEÇA VC MESMO
[02/05/2011 19:11:00] Impacto: ;p
[02/05/2011 19:11:00] Sorc Lokitoo: FAZENDO UNS OTZIN MAPA GLOBAL
[02/05/2011 19:11:05] Sorc Lokitoo: COM UNS ITEN SHOP FUDIDO
[02/05/2011 19:11:08] Sorc Lokitoo: VAI JUNTANDO O MONEY
[02/05/2011 19:11:12] Sorc Lokitoo: E PAGA UM DEDICADO
[02/05/2011 19:11:16] Sorc Lokitoo: SE GERA 
[02/05/2011 19:11:19] [Administrador]Tibia-Enforced: primeiro
[02/05/2011 19:11:20] Sorc Lokitoo: RAPIDIM TU CRESCE
[02/05/2011 19:11:24] [Administrador]Tibia-Enforced: pra mapa global
[02/05/2011 19:11:30] [Administrador]Tibia-Enforced: o pc deve se rum pokin fudidin
[02/05/2011 19:11:35] [Administrador]Tibia-Enforced: pq ake pra abre o mapa dakele trem
[02/05/2011 19:11:37] [Administrador]Tibia-Enforced: eh um cu
[02/05/2011 19:11:43] [Administrador]Tibia-Enforced: global ate penso
[02/05/2011 19:11:45] Sorc Lokitoo: MOSS
[02/05/2011 19:11:48] Sorc Lokitoo: CALMA AI
[02/05/2011 19:11:49] [Administrador]Tibia-Enforced: mas ja tem q ir pro semi dedicado
[02/05/2011 19:11:55] Sorc Lokitoo: TUA CRIATIVIDADE EH IMENSA
[02/05/2011 19:12:02] Sorc Lokitoo: SO PELO MAPA DESSE OTZIN AQUI
[02/05/2011 19:12:07] Impacto: ss
[02/05/2011 19:12:08] Impacto: ;D
[02/05/2011 19:12:10] Impacto: roxx
[02/05/2011 19:12:10] Sorc Lokitoo: MO ROX ALGUMAS HUNTS
[02/05/2011 19:12:17] Sorc Lokitoo: OQ TE FALTA EH AUXILIO
[02/05/2011 19:12:19] Mario of Armario: faz evento ai
[02/05/2011 19:12:19] Mario of Armario: ;x
[02/05/2011 19:12:22] [Administrador]Tibia-Enforced: quero tenta coloka tudo hunt global
[02/05/2011 19:12:24] Sorc Lokitoo: E UM POUQUINHO DE CORAGEM
[02/05/2011 19:12:29] [Administrador]Tibia-Enforced: pra fica cum war de global quando caça
[02/05/2011 19:12:35] [Administrador]Tibia-Enforced: ar*
[02/05/2011 19:12:41] [Administrador]Tibia-Enforced: t
[02/05/2011 19:12:49] Sorc Lokitoo: GOD
[02/05/2011 19:12:53] Sorc Lokitoo: PODE FALA CMG PRIVATE ?
[02/05/2011 19:13:10] [Administrador]Tibia-Enforced: fala
[02/05/2011 19:13:14] Sixth Almond: hi
[02/05/2011 19:13:15] Sixth Almond: trade
[02/05/2011 19:13:28] Impacto: de
[02/05/2011 19:14:04] Impacto: ai
[02/05/2011 19:15:42] Mario of Armario: ou num tem a magia utana vid god, tem q colocar ela em
[02/05/2011 19:15:50] Mario of Armario: algum kina ajuda na ferumbras aq
[02/05/2011 19:16:07] Impacto: simi god
[02/05/2011 19:16:08] Impacto: ferumbras
[02/05/2011 19:16:10] Impacto: ta mt fodad
[02/05/2011 19:16:16] [Administrador]Tibia-Enforced: claro
[02/05/2011 19:16:19] [Administrador]Tibia-Enforced: ou vc paga
[02/05/2011 19:16:24] [Administrador]Tibia-Enforced: tanto kk no hat
[02/05/2011 19:16:25] [Administrador]Tibia-Enforced: ou mata ele
[02/05/2011 19:16:26] [Administrador]Tibia-Enforced: :]
[02/05/2011 19:17:04] Kiknight: pq o servidor ta lag assim
[02/05/2011 19:17:16] [Administrador]Tibia-Enforced: pq eu tenho net de 1mb :]
[02/05/2011 19:17:25] Mario of Armario: dorgas
[02/05/2011 19:17:28] [Administrador]Tibia-Enforced: sou pobre
[02/05/2011 19:17:33] Impacto: kkkkkk
[02/05/2011 19:17:45] [Administrador]Tibia-Enforced: i ake nao tem net descente
[02/05/2011 19:17:46] Impacto: seu ot é mo rox god
[02/05/2011 19:17:47] [Administrador]Tibia-Enforced: e barata
[02/05/2011 19:18:27] [Administrador]Tibia-Enforced: ake net de 1 mega eh quase 60 conto -.-
[02/05/2011 19:19:52] Whrat Of Fire: xD
[02/05/2011 19:19:55] Whrat Of Fire: aqui de 15mb é 120
[02/05/2011 19:19:59] [Administrador]Tibia-Enforced: pra vc ver
[02/05/2011 19:20:00] [Administrador]Tibia-Enforced: ^^
[02/05/2011 19:20:01] Whrat Of Fire: mais n pega ond eu moro USAEUSAEUHSAE
[02/05/2011 19:20:11] Whrat Of Fire: ai eu uso 3G de 1mb por 119
[02/05/2011 19:20:13] Whrat Of Fire: --'
[02/05/2011 19:20:17] Whrat Of Fire: e é um lixo
[02/05/2011 19:21:14] [Administrador]Tibia-Enforced: kkkkk
[02/05/2011 19:21:16] Kiknight: god onde pega a blade of corruption
[02/05/2011 19:21:20] Kiknight: ??
[02/05/2011 19:21:26] [Administrador]Tibia-Enforced: GHAZBARAN
[02/05/2011 19:21:45] Mari Mage: evento onde?
[02/05/2011 19:22:17] Killers: onde?
[02/05/2011 19:22:57] Impacto: ta
[02/05/2011 19:23:01] Impacto: god
[02/05/2011 19:23:02] Impacto: puxa ae
[02/05/2011 19:23:03] Impacto: to pk
[02/05/2011 19:23:04] Impacto: ;X
[02/05/2011 19:23:21] Killers: onde q é?
[02/05/2011 19:26:53] Mario of Armario: god olha a merda q fez
[02/05/2011 19:30:29] Mario of Armario: faz de novo god
[02/05/2011 19:30:33] Mario of Armario: upei pakas
[02/05/2011 19:31:00] Kiknight: af
[02/05/2011 19:31:06] Kiknight: so tem wand
[02/05/2011 19:31:09] Kiknight: quero axe
[02/05/2011 19:31:10] Killers: sai chris do krl
[02/05/2011 19:31:15] Impacto: catei 1
[02/05/2011 19:31:16] Impacto: ;D
[02/05/2011 19:31:17] Impacto: skaskpa
[02/05/2011 19:31:18] Impacto: negada
[02/05/2011 19:31:19] Impacto: me amto
[02/05/2011 19:37:27] Andy Malo: para de mandar msg god
[02/05/2011 19:37:29] Andy Malo: ta lagg
[02/05/2011 19:37:35] Andy Malo: d +
[02/05/2011 19:37:49] Andy Malo: desloga o god
[02/05/2011 19:37:50] Andy Malo: =***
[02/05/2011 19:37:55] Andy Malo: ver si lag passa
[02/05/2011 19:43:09] Mario of Armario: o povo sabe
[02/05/2011 19:43:39] Tayana: mt lag
[02/05/2011 19:48:09] Whrat Of Fire: g,w
[02/05/2011 19:48:10] Whrat Of Fire: gm?
[02/05/2011 19:49:21] Mario of Armario: god
[02/05/2011 19:57:30] Sixth Almond: ADM
[02/05/2011 19:57:33] Sixth Almond: EU SO MAGE
[02/05/2011 19:57:37] Sixth Almond: MAIS CATEI A ARMOR DE KINA
[02/05/2011 19:57:39] Sixth Almond: TEM COMO TROCA?
[02/05/2011 20:11:23] Windon Cokke: parabens god mt rox
[02/05/2011 20:11:24] Windon Cokke: o ot
[02/05/2011 20:11:55] [Administrador]Tibia-Enforced: :]
[02/05/2011 20:11:58] [Administrador]Tibia-Enforced: ty
[02/05/2011 20:12:42] Sixth Almond: ADM
[02/05/2011 20:12:44] Sixth Almond: TA ON
[02/05/2011 20:12:44] Sixth Almond: ?
[02/05/2011 20:12:49] [Administrador]Tibia-Enforced: ?
[02/05/2011 20:12:52] Sixth Almond: tem como
[02/05/2011 20:12:54] Sixth Almond: vc troca
[02/05/2011 20:13:00] Sixth Almond: eu te do a armor vip de pally e de kin
[02/05/2011 20:13:02] Sixth Almond: kina
[02/05/2011 20:13:05] Sixth Almond: e voce meda a de mage
[02/05/2011 20:13:05] Sixth Almond: ?
[02/05/2011 20:13:19] Sixth Almond: tem compo
[02/05/2011 20:13:20] [Administrador]Tibia-Enforced: sorry man nao troco..os eventos foram feitos com tais itens
[02/05/2011 20:13:20] Sixth Almond: ?
[02/05/2011 20:13:33] [Administrador]Tibia-Enforced: entao so sao aqueles itens
[02/05/2011 20:13:46] Sixth Almond: ok
[02/05/2011 20:13:50] Sixth Almond: outra pergunta
[02/05/2011 20:13:53] Sixth Almond: a boots vip
[02/05/2011 20:13:56] Sixth Almond: enche mais
[02/05/2011 20:13:58] Sixth Almond: q a sof
[02/05/2011 20:14:00] Sixth Almond: q a soft?
[02/05/2011 20:14:04] [Administrador]Tibia-Enforced: sim
[02/05/2011 20:15:07] [Administrador]Tibia-Enforced: pra fala verdade
[02/05/2011 20:15:10] [Administrador]Tibia-Enforced: ela enxe a mesma coisa
[02/05/2011 20:15:13] [Administrador]Tibia-Enforced: mas eh mais rapido
[02/05/2011 20:15:36] Sirririka: admim
[02/05/2011 20:15:41] Sirririka: tas ae????
[02/05/2011 20:15:41] [Administrador]Tibia-Enforced: ?
[02/05/2011 20:15:45] Tayana: gm
[02/05/2011 20:15:52] Tayana: como evita outra pessoa na casa
[02/05/2011 20:15:59] [Administrador]Tibia-Enforced: .aleta sio
[02/05/2011 20:16:09] Mario of Armario: god faz +
[02/05/2011 20:16:13] Mario of Armario: n peguei nada
[02/05/2011 20:16:15] Mario of Armario: AHSUAHS
[02/05/2011 20:16:18] Tayana: n ta peando
[02/05/2011 20:16:18] Sirririka: n faz n
[02/05/2011 20:16:23] Sirririka: ja ta mal ae
[02/05/2011 20:16:30] Sirririka: se tds fika com item vip
[02/05/2011 20:41:33] Impacto: god ta ae
[02/05/2011 20:43:44] Impacto: gOOOOOOOOOOOOOOOOOD
[02/05/2011 20:43:45] Impacto: AJUDA
[02/05/2011 20:44:42] Impacto: GOOOOD AJUDA POW TEM HACKER NESSE OT ALGUEM MUDO SENHA DO MEU MAGE E TEM WAND VIP E SHIELD VIP NELEE
[02/05/2011 20:44:59] Tayana: como
[02/05/2011 20:45:03] Impacto: N SEI
[02/05/2011 20:45:06] Tayana: e o nome do seu char
[02/05/2011 20:45:12] Impacto: WINDON COKKE
[02/05/2011 20:45:13] Impacto: MEU CHAR
[02/05/2011 20:46:05] Impacto: GOOOOD AJUDA POW TEM HACKER NESSE OT ALGUEM MUDO SENHA DO MEU MAGE E TEM WAND VIP E SHIELD VIP NELEE
[02/05/2011 20:46:59] Impacto: GOOOOD AJUDA POW TEM HACKER NESSE OT ALGUEM MUDO SENHA DO MEU MAGE E TEM WAND VIP E SHIELD VIP NELEE
[02/05/2011 20:49:42] Impacto: GOOOOD AJUDA POW TEM HACKER NESSE OT ALGUEM MUDO SENHA DO MEU MAGE E TEM WAND VIP E SHIELD VIP NELEE
[02/05/2011 20:51:03] Mario of Armario: q haker o q
[02/05/2011 20:51:03] Mario of Armario: noob
[02/05/2011 20:51:09] Mario of Armario: qm qér hakea porra de char de ot
[02/05/2011 20:51:10] Mario of Armario: --'
[02/05/2011 20:51:13] Mario of Armario: fala merda n
[02/05/2011 20:51:14] Mario of Armario: vai durmi
[02/05/2011 20:51:15] Impacto: SEI LA
[02/05/2011 20:51:30] Impacto: TINHA WAND EDITED SHIELD VIP DM
[02/05/2011 20:51:34] Tayana: vai leva ban
[02/05/2011 20:51:43] Impacto: QUEM/
[02/05/2011 20:51:43] Impacto: ?
[02/05/2011 20:51:50] Tayana: vc d tanto fala
[02/05/2011 20:52:02] Impacto: VSF
[02/05/2011 20:52:09] Tayana: =x
[02/05/2011 21:26:12] Dillon: god tae?
[02/05/2011 23:27:29] Killers: pow como compra addon:?
[03/05/2011 03:10:17] Markito: JA
[03/05/2011 12:24:52] Bibelo Stronda Rox: gm
[03/05/2011 13:10:49] Sixth Almond: talçag ae?
[03/05/2011 14:06:41] Aiaiaiauiui: god ta ae
[03/05/2011 15:37:39] Lancelot: admim
[03/05/2011 15:37:40] Lancelot: tasa
[03/05/2011 15:37:41] Lancelot: ae?
[03/05/2011 15:40:03] Lancelot: o adm fdp
[03/05/2011 15:40:07] Lancelot: vsfd lag do caralh
[03/05/2011 15:40:17] Lancelot: lep top da xxa
[03/05/2011 15:40:19] Lancelot: xuxa
[03/05/2011 15:40:20] Lancelot: fdp
[03/05/2011 15:41:19] Lancelot: toma no cu
[03/05/2011 15:41:24] Lancelot: to morrendy diretu
[03/05/2011 15:41:27] Lancelot: por causa da porra
[03/05/2011 15:41:29] Lancelot: da lag
[03/05/2011 15:46:02] Aiaiaiauiui: ou god
[03/05/2011 15:48:15] Syaxix: ow
[03/05/2011 15:48:16] Syaxix: tem site?
[03/05/2011 15:48:59] Aiaiaiauiui: ou
[03/05/2011 15:49:09] Aiaiaiauiui: demon oak n  acaba 
[03/05/2011 15:49:17] Aiaiaiauiui: toda hora ot cai 
[03/05/2011 15:51:04] Syaxix: tem site o ot
[03/05/2011 15:51:06] Syaxix: ?
[03/05/2011 15:53:48] Banida: ei
[03/05/2011 15:53:50] Banida: gm
[03/05/2011 15:53:58] Banida: como faz pra compra 
[03/05/2011 15:53:59] Banida: Enforced Amulet
[03/05/2011 15:56:14] Aiaiaiauiui: ou god
[03/05/2011 15:56:22] Aiaiaiauiui: demon oak ta bugada
[03/05/2011 15:57:21] Syaxix: mata
[03/05/2011 15:57:22] Syaxix: o kara
[03/05/2011 15:58:22] Syaxix: onde compra wand vip?
[03/05/2011 15:59:09] Lancelot: vsfd god
[03/05/2011 15:59:10] Lancelot: nb
[03/05/2011 16:00:34] Lancelot: seu filho duma puta
[03/05/2011 16:00:37] Lancelot: nb
[03/05/2011 16:00:38] Lancelot: do caralho
[03/05/2011 16:00:43] Lancelot: n sabe nem comandu uma porra
[03/05/2011 16:00:45] Lancelot: de ot]
[03/05/2011 16:00:46] Lancelot: fdp
[03/05/2011 16:00:47] Lancelot: lixo
[03/05/2011 16:00:49] Lancelot: ot lixo
[03/05/2011 16:00:53] Lancelot: vo nucka essa porra
[03/05/2011 16:00:57] Lancelot: ate td mundo
[03/05/2011 16:00:59] Lancelot: sair
[03/05/2011 16:01:06] Lancelot: tenhu anti ban mesmu
[03/05/2011 16:01:08] Lancelot: q se foda
[03/05/2011 16:01:09] Lancelot: fdp
[03/05/2011 16:01:13] Lancelot: adeus esse ot
[03/05/2011 16:01:15] Lancelot: lixo
[03/05/2011 16:01:21] Lancelot: seu filho da puta
[03/05/2011 16:04:59] Aiaiaiauiui: laaaaaaaaaaaggggggggggggggggggggggggg
[03/05/2011 16:08:50] Aiaiaiauiui: lag fdp
[03/05/2011 16:08:50] Aiaiaiauiui: lag fdp
[03/05/2011 16:08:50] Aiaiaiauiui: lag fdp
[03/05/2011 16:10:43] Syaxix: onde compra wand vip
[03/05/2011 16:24:00] Aiaiaiauiui: porra esse lag mim mata 3 vez tnc ot fdp
[03/05/2011 16:24:33] Syaxix: kkk
[03/05/2011 16:25:38] Aiaiaiauiui: omg
[03/05/2011 16:27:22] Aiaiaiauiui: omg
[03/05/2011 16:27:29] Syaxix: OMG
[03/05/2011 16:27:33] Syaxix: vai upa em medusa
[03/05/2011 16:51:24] Druid Malandro: ou
[03/05/2011 16:51:31] Druid Malandro: onde ta sala dos tp agora?
[03/05/2011 16:51:40] Syaxix: /
[03/05/2011 16:51:41] Syaxix: do templo
[03/05/2011 16:52:05] Druid Malandro: vlw
[03/05/2011 16:52:06] Druid Malandro: xD
[03/05/2011 16:59:37] Syaxix: gm
[03/05/2011 16:59:39] Syaxix: kola ake
[03/05/2011 20:59:38] On the Night: gm...qnt eh axe vip ?
[04/05/2011 01:28:15] Aiaiaiauiui: god
[04/05/2011 01:28:18] Aiaiaiauiui: ta ae
[04/05/2011 01:46:41] Demetrius: tem site ?
[04/05/2011 01:46:55] Aiaiaiauiui: e ot ta rox demais
[04/05/2011 01:47:01] Aiaiaiauiui: so falta um site
[04/05/2011 02:04:36] Zeeh: adm ta ai?
[04/05/2011 02:19:22] Lero: kk
[04/05/2011 15:50:57] On the Night: gm...onde consigo uma wand ou axe ou star vip ?
[04/05/2011 17:30:06] Putera: tem como tira essas msg em vermelhor da tela nao? ou bota num canal separado?
[04/05/2011 17:30:10] Putera: pqp, mtu xato
[04/05/2011 19:24:22] Fast Coco: god ta ai?
[04/05/2011 20:29:06] Perequito: algum
[04/05/2011 20:29:07] Perequito: gm ae?
[04/05/2011 21:13:58] Ah Imorrivel: adm
[04/05/2011 21:16:13] Ah Imorrivel: adm ta ai?
[04/05/2011 21:16:13] Ah Imorrivel: ?
[04/05/2011 21:16:29] Crazy maga: COLOKA QUEST DE ITENS VIP
[04/05/2011 21:17:22] Ah Imorrivel: ADMMM
[04/05/2011 21:24:48] Recovery: god
[04/05/2011 21:24:49] Recovery: ta ae?
[04/05/2011 21:28:53] Euteamonacama: god
[04/05/2011 21:28:59] Euteamonacama: nunca ganhei nada
[04/05/2011 21:29:00] Recovery: god²
[04/05/2011 21:29:01] Euteamonacama: :(
[04/05/2011 21:29:02] Recovery: nem eu
[04/05/2011 21:29:03] Recovery: KKKK
[04/05/2011 21:29:10] Euteamonacama: sauaaushuhua
[04/05/2011 21:29:18] Euteamonacama: so vejo monte de gente ganhando
[04/05/2011 21:29:22] Recovery: ne
[04/05/2011 21:32:58] Syaxix Segundo: god
[04/05/2011 21:34:38] Euteamonacama: oi
[04/05/2011 21:50:03] Ah Imorrivel: GOD ADM RESPONDE
[04/05/2011 21:50:04] Ah Imorrivel: GOD ADM RESPONDE
[04/05/2011 21:50:19] Recovery: rsponde godpplx
[04/05/2011 21:53:37] Recovery: AFFFF
[04/05/2011 21:53:45] Recovery: ta tirando hein god
[04/05/2011 21:54:07] Ah Imorrivel: tira potion é demias né
[04/05/2011 21:54:12] Recovery: ne
[04/05/2011 21:54:14] Recovery: tb acho
[04/05/2011 21:54:51] Ah Imorrivel: bloqueia o bot agora tambm
[04/05/2011 22:07:52] Banida: odo
[04/05/2011 22:07:55] Banida: seu dinheiro
[04/05/2011 22:19:15] Vulcano: god
[04/05/2011 22:34:16] Recovery: AI GOD
[04/05/2011 22:34:20] Recovery: NAO FALO QUE DE 1 EM 1 HORA
[04/05/2011 22:34:23] Recovery: IA SORTEAR 1 ITEM VIP ?
[04/05/2011 22:34:24] Recovery: KD?
[04/05/2011 22:34:30] Recovery: JA DEU 1 HORA E 3 MINUTOS.
[04/05/2011 22:37:27] Whrat Of Fire: gm
[04/05/2011 22:38:49] Recovery: LOOOOOL GOD
[04/05/2011 22:38:53] Recovery: TAVA LEVEL 243 A
[04/05/2011 22:38:53] Recovery: --'
[04/05/2011 22:39:20] Recovery: tava level 243 ja
[04/05/2011 22:39:22] Recovery: sacanagem
[04/05/2011 22:44:46] Zeeh: eeeeeeeeeee
[04/05/2011 22:44:53] Recovery: kkkk
[04/05/2011 22:44:59] Recovery: pensei que nao fosse
[04/05/2011 22:45:01] Whrat Of Fire: LOL
[04/05/2011 22:45:03] Zeeh: :D
[04/05/2011 22:45:03] Whrat Of Fire: COMO JOGA NA LOTERIA?
[04/05/2011 22:45:11] Zeeh: tem que me dar 1kk
[04/05/2011 22:45:13] Zeeh: ^^
[04/05/2011 22:45:27] Recovery: EWAWIOW
[04/05/2011 22:45:28] Recovery: serio ?
[04/05/2011 22:45:33] Recovery: precisa de 1kk msm ?
[04/05/2011 22:46:04] Zeeh: pra posta né
[04/05/2011 22:46:16] Zeeh: axo qe fui o unico que posto
[04/05/2011 22:46:17] Zeeh: UIHAUIAHA
[04/05/2011 22:46:22] Zeeh: por isso vou ganhar sempre :D
[04/05/2011 22:46:24] Whrat Of Fire: fala primeiro #trollface
[04/05/2011 22:46:26] Whrat Of Fire: oKASEOKAOSEK
[04/05/2011 22:46:27] Recovery: KKKKKKKK
[04/05/2011 22:47:07] Zeeh: !#trollface?
[04/05/2011 22:47:12] Zeeh: que porra é essa?
[04/05/2011 22:47:13] Whrat Of Fire: minha cara
[04/05/2011 22:47:13] Whrat Of Fire: uaHEUHASE
[04/05/2011 22:47:19] Recovery: Zeeh
[04/05/2011 22:47:27] Zeeh: esquece :D
[04/05/2011 22:47:34] Zeeh: recovery
[04/05/2011 22:47:38] Zeeh: não conto pra ninguem
[04/05/2011 22:47:44] Recovery: ¬¬ '
[04/05/2011 22:47:47] Recovery: AAAAAAAAA
[04/05/2011 22:47:50] Recovery: Lembrei ._.
[04/05/2011 22:47:55] Recovery: se for
[04/05/2011 22:47:59] Recovery: do ot que eu jogava antes
[04/05/2011 22:48:27] Zeeh: porem axo qe não é igual o ot que vc jogava antes :D
[04/05/2011 22:48:28] Recovery: namoral
[04/05/2011 22:48:32] Whrat Of Fire: pot sem ser infinita vai rular mtoo
[04/05/2011 22:48:32] Recovery: pot normal vai fica ruim
[04/05/2011 22:48:33] Recovery: ¬¬
[04/05/2011 22:48:39] Whrat Of Fire: claro q n
[04/05/2011 22:48:42] Whrat Of Fire: pvp vai ficar mais normal
[04/05/2011 22:48:43] Whrat Of Fire: uASEASEUHAES
[04/05/2011 22:48:46] Recovery: claro ne
[04/05/2011 22:48:50] Recovery: mais mesmo assim
[04/05/2011 22:48:52] Recovery: agente ja acostumo
[04/05/2011 22:48:53] Zeeh: 3k de cap
[04/05/2011 22:48:58] Recovery: 4.8k
[04/05/2011 22:48:59] Recovery: aki
[04/05/2011 22:48:59] Zeeh: carrego 1000 pot mais
[04/05/2011 22:49:03] Recovery: eu tb
[04/05/2011 22:49:06] Whrat Of Fire: s
[04/05/2011 22:49:07] Zeeh: vai mudar oq?
[04/05/2011 22:49:07] Recovery: ai eu vo joga com meu mage
[04/05/2011 22:49:09] Recovery: depois das 1000
[04/05/2011 22:49:10] Zeeh: o tempo pra comprar?
[04/05/2011 22:49:11] Recovery: kina so pra bloker
[04/05/2011 22:49:12] Whrat Of Fire: q c tu levar trap tu deita
[04/05/2011 22:49:13] Whrat Of Fire: OAKSEOAKSE
[04/05/2011 22:49:21] Zeeh: deita nada
[04/05/2011 22:49:25] Zeeh: 1000 pot?
[04/05/2011 22:49:27] Whrat Of Fire: s
[04/05/2011 22:49:28] Zeeh: vai demorar pra acaba
[04/05/2011 22:49:33] Whrat Of Fire: mais acaba
[04/05/2011 22:50:01] Zeeh: mais o adm tinha que fazer pra sumir as pot vazia
[04/05/2011 22:50:08] Zeeh: tipo tu usa e o frasco somi
[04/05/2011 22:50:08] Zeeh: :D
[04/05/2011 22:50:09] Recovery: s
[04/05/2011 22:50:11] Recovery: e fazer
[04/05/2011 22:50:13] Recovery: as roletas tb
[04/05/2011 22:50:19] Recovery: pra vim bp em bp
[04/05/2011 22:50:23] Recovery: mais facil
[04/05/2011 22:51:18] Zeeh: af vo ter que comprar muita potion pra deixar madrugada toda de bot =s
[04/05/2011 22:52:03] Recovery: soufoda.
[04/05/2011 22:55:38] Putera: vai perde player hein
[04/05/2011 22:55:41] Putera: mexe no q ta keto n
[04/05/2011 22:55:46] Putera: poe mana rune pelo menos
[04/05/2011 22:55:47] Putera: -.-
[04/05/2011 23:20:17] Crazy Darck: adm ta ae
[04/05/2011 23:21:07] Whrat Of Fire: gm
[04/05/2011 23:21:13] Whrat Of Fire: qq foi isso disban o sir lobo kra
[04/05/2011 23:21:26] Crazy Darck: adm fala comigo
[04/05/2011 23:21:31] Crazy Darck: por favor
[04/05/2011 23:21:39] Banida: adm,
[04/05/2011 23:21:41] Banida: fala
[04/05/2011 23:21:42] Banida: ai
[04/05/2011 23:21:44] Banida: cmg
[04/05/2011 23:21:47] Banida: pode ser?
[04/05/2011 23:22:21] Crazy Darck: alguem viu adm
[04/05/2011 23:22:49] Zeeh: 23:18 Whrat Of Fire [305]: qq foi isso disban o sir lobo kra
[04/05/2011 23:22:52] Zeeh: uq o cara feiz?
[04/05/2011 23:25:37] Banida: gm
[04/05/2011 23:25:39] Banida: porr
[04/05/2011 23:25:41] Banida: apotion
[04/05/2011 23:25:45] Banida: n infint
[04/05/2011 23:25:49] Banida: e paia
[04/05/2011 23:25:50] Banida: po
[04/05/2011 23:25:58] Banida: a galera vai sair do ot
[04/05/2011 23:26:01] Zeeh: concordo
[04/05/2011 23:26:12] Crazy Darck: flw 
[04/05/2011 23:26:18] Crazy Darck: vai com Deus
[04/05/2011 23:26:18] Banida: isso
[04/05/2011 23:26:26] Banida: so fiquei
[04/05/2011 23:26:29] Banida: pq as potions
[04/05/2011 23:26:32] Banida: sao infinitas
[04/05/2011 23:29:35] Demetrius: se nao tiver potion infinita eu vo sai tambem
[04/05/2011 23:30:10] Zeeh: vamos montrar a força que nós temos juntos...
[04/05/2011 23:30:26] Zeeh: quando ele entrar ficamo tud  off por alguns minutos e ameçamos ele
[04/05/2011 23:30:27] Zeeh: AUIAHIUAHAUIH
[04/05/2011 23:44:09] Demetrius: kkkkkk
[04/05/2011 23:44:11] Demetrius: sim
[05/05/2011 00:04:42] Mamiloes: god on
[05/05/2011 00:04:42] Mamiloes: ?
[05/05/2011 00:06:46] Zeeh: adm pot ta bugada
[05/05/2011 00:06:46] Zeeh: adm pot ta bugada
[05/05/2011 00:06:47] Zeeh: adm pot ta bugada
[05/05/2011 00:06:47] Zeeh: adm pot ta bugada
[05/05/2011 00:07:08] Zika: ou god
[05/05/2011 00:07:13] Zika: essa ue editada ae
[05/05/2011 00:07:15] Zika: --"
[05/05/2011 00:15:04] Demetrius: po gm
[05/05/2011 00:15:05] Demetrius: adm 
[05/05/2011 00:19:54] Banida: hi
[05/05/2011 00:20:56] Duduxin: LOL
[05/05/2011 00:21:00] Duduxin: POT TA INFINITO MAIS N
[05/05/2011 00:21:21] Zeeh: estrago o ot -.-"
[05/05/2011 00:21:30] Mamiloes: nem estrago
[05/05/2011 00:22:15] Zeeh: usa potion ele fica desagrupada
[05/05/2011 00:22:24] Zeeh: olha qts de espaco nao vai ocupar -.-"
[05/05/2011 00:23:29] Duduxin: ainda ta lag ¬¬
[05/05/2011 00:25:43] Zeeh: gm ta zuando aki -.-"
[05/05/2011 00:25:46] Zeeh: edito o char
[05/05/2011 00:25:51] Duduxin: nome do char dele?
[05/05/2011 00:26:09] Zeeh: vm onde vende loot
[05/05/2011 00:26:42] Duduxin: ja vi
[05/05/2011 00:30:26] Zika: editado
[05/05/2011 00:32:58] Zika: ot filho da puta rapa
[05/05/2011 00:33:10] Zika: ue editada god é doido!
[05/05/2011 01:33:52] Crazy Darck: adm ta ae
[05/05/2011 09:02:51] Sky Slayer: ai galera
[05/05/2011 09:02:56] Sky Slayer: alguem afim de ir anihilator?
[05/05/2011 12:28:00] Euteamonacama: God
[05/05/2011 12:28:05] Euteamonacama: poem pot infiniti
[05/05/2011 13:41:42] Mamiloes: tem alguem on?
[05/05/2011 13:42:00] Mamiloes: demon legs quest n ta funfando?
[05/05/2011 15:37:27] Crazy Darck: ai adm
[05/05/2011 15:37:33] Crazy Darck: to divugando o ot
[05/05/2011 17:38:52] Sir Fredde: god ae
[05/05/2011 18:53:49] Ah Imorrivel: onde tem demodra aqui?
[05/05/2011 19:06:07] Zeeh: bora da uima pk?
[06/05/2011 01:37:02] Magewar: god?:
[06/05/2011 02:31:50] Demetrius: cade o sorteio quero ser o ganhador de hoje po :D
[06/05/2011 13:17:47] Mage Killer: gm ?tutor ?
[06/05/2011 14:31:27] Lizst: hi
[06/05/2011 16:51:37] Mario of Armario: ta ai ainda?
[06/05/2011 18:38:41] Mario of Armario: ta osso ai god?
[06/05/2011 18:43:31] Zoreia: alguem de vcs ja morou no RS ?
[06/05/2011 18:43:36] Mario of Armario: n
[06/05/2011 18:44:06] Zoreia: o muleke q me mando o link da cmm morava aqui na minha cidade
[06/05/2011 18:44:09] Zoreia: agora naoa cho ele no msn 
[06/05/2011 18:44:18] Mario of Armario: :s
[06/05/2011 18:55:16] Zoreia: exan mort
[06/05/2011 18:55:20] Zoreia: eexana mort
[07/05/2011 10:49:46] Jeck: adm 
[07/05/2011 12:14:26] Akoran: GOD AE ?
[07/05/2011 12:14:29] Akoran: TO COM UMA DUVIDA AQI .
[07/05/2011 13:57:44] Treeax: god faiz evento
[07/05/2011 13:57:45] Treeax: aew
[07/05/2011 15:14:17] Demolidorox: GOD
[07/05/2011 15:14:18] Demolidorox: TA AE?
[07/05/2011 16:44:17] Treeax: god faiz o evento
[07/05/2011 18:01:36] Treeax: god ta aew
[07/05/2011 20:30:46] Bloker Loko: PQ O DRUID ADDON Ñ DA PRA FZER?
[07/05/2011 20:31:06] Mamiloes: eu tenho
[07/05/2011 20:31:07] Mamiloes: '-'
[07/05/2011 21:29:00] Bloker Loko: COMO QUE JUNTA DEMON DUST?
[08/05/2011 09:27:39] Vo Te Mata: Egod
[08/05/2011 09:27:42] Vo Te Mata: ajuda eu aew
[08/05/2011 09:27:47] Vo Te Mata: porfa n sei aonde vende
[08/05/2011 09:27:49] Vo Te Mata: os bange
[08/05/2011 10:23:53] Murlock Kriok: gm on?
[08/05/2011 14:10:27] Murlock Kriok: axani hur "up
[08/05/2011 14:13:36] Murlock Kriok: axani hur "up
[08/05/2011 16:53:10] Murlock Kriok: tutor gm alguem on?
[08/05/2011 18:41:47] Oh man: AEW GOD TAI RESPONDE 
[08/05/2011 18:41:49] Oh man: ONDE COMPRA AOL
[08/05/2011 18:44:11] Oh man: hi
[08/05/2011 18:44:15] Oh man: TEM ALGUEM AI
[08/05/2011 19:04:33] Oh man: tem alguem ai
[08/05/2011 19:05:17] Sky Slayer: eu
[08/05/2011 19:05:20] Sky Slayer: pq
[08/05/2011 19:05:28] Oh man: hola que tal
[08/05/2011 19:05:31] Oh man: kk
[08/05/2011 19:05:33] Oh man: nada
[08/05/2011 19:05:34] Oh man: ai
[08/05/2011 19:05:35] Oh man: tu pode mata
[08/05/2011 19:05:37] Oh man: um kra
[08/05/2011 19:05:38] Oh man: ta no bot
[08/05/2011 19:05:42] Oh man: vai eu e tu que nois mata
[08/05/2011 19:05:42] Sky Slayer: to
[08/05/2011 19:05:43] Oh man: lvl 200
[08/05/2011 19:05:44] Sky Slayer: POI
[08/05/2011 19:05:46] Sky Slayer: =/
[08/05/2011 19:05:47] Oh man: o,o
[08/05/2011 19:05:50] Sky Slayer: vem aki me ajudar?
[08/05/2011 19:05:55] Oh man: oks
[08/05/2011 19:05:59] Oh man: tu sola?
[08/05/2011 19:06:05] Sky Slayer: uai
[08/05/2011 19:06:09] Sky Slayer: talvez nois consegue
[08/05/2011 19:06:11] Sky Slayer: to aki a toa
[08/05/2011 19:06:12] Sky Slayer: ;D
[08/05/2011 19:06:32] Oh man: vishi
[08/05/2011 19:06:33] Oh man: n sei ir
[08/05/2011 19:06:36] Oh man: como vai?
[08/05/2011 19:07:04] Oh man: cheguei
[08/05/2011 19:07:05] Oh man: kd vc
[08/05/2011 19:07:23] Sky Slayer: defiler
[08/05/2011 19:07:28] Oh man: poha
[08/05/2011 19:08:04] Sky Slayer: vc consegue
[08/05/2011 19:08:05] Sky Slayer: passar
[08/05/2011 19:08:09] Oh man: n
[08/05/2011 19:08:09] Sky Slayer: pelos hellfirefighter
[08/05/2011 19:08:17] Oh man: n
[08/05/2011 19:08:19] Oh man: eu morri
[08/05/2011 19:09:04] Sky Slayer: =/
[08/05/2011 19:09:27] Oh man: tem alguem aew
[08/05/2011 19:09:36] Oh man: que nao esteje ocupado pra mata um nego
[08/05/2011 19:09:38] Sky Slayer: eu
[08/05/2011 19:09:41] Sky Slayer: kkkkk
[08/05/2011 19:09:42] Sky Slayer: eu n
[08/05/2011 19:10:05] Oh man: vsf
[08/05/2011 19:10:09] Oh man: ops
[08/05/2011 19:10:12] Oh man: msg errada
[08/05/2011 19:10:13] Oh man: xd
[08/05/2011 19:10:19] Oh man: tem um kra
[08/05/2011 19:10:20] Oh man: no bot
[08/05/2011 19:10:22] Oh man: sem utamo
[08/05/2011 19:10:24] Oh man: nois mata de boa
[08/05/2011 19:10:38] Oh man: eu divia ser
[08/05/2011 19:10:39] Oh man: druid
[08/05/2011 19:10:43] Oh man: eu ia decha no bot
[08/05/2011 19:10:59] Oh man: pq kina nao  cola
[08/05/2011 19:11:29] Sky Slayer: 19:09 [1ST PLACE] Winner: Sky Slayer, Reward: 1 enforced mage boots, Congratulations!
[08/05/2011 19:11:30] Sky Slayer: oO
[08/05/2011 19:11:53] Sky Slayer: uq q eu vo fazer
[08/05/2011 19:11:55] Sky Slayer: com isso
[08/05/2011 19:11:56] Sky Slayer: ?
[08/05/2011 19:12:01] Sky Slayer: ¬¬
[08/05/2011 19:13:02] Oh man: da look nisso e manda
[08/05/2011 19:13:04] Oh man: pra eu ve
[08/05/2011 19:14:05] Oh man: me da?
[08/05/2011 19:14:49] Sky Slayer: 19:13 You see enforced mage boots (Arm:2, protection energy +5%, earth +5%, fire +5%, ice +5%, death +5%). It can only be wielded properly by sorcerers and druids. It weighs 7.50 oz. regenera mais 100 de mana.
[09/05/2011 16:26:15] Crazy Darck: o adm
[09/05/2011 16:29:05] Queriateumnomegrande: mamiloes trapando entrada behemoth
[09/05/2011 16:31:01] Crazy Darck: god god
[09/05/2011 17:44:36] Duduxin: ou adm ta aew?
[09/05/2011 17:44:47] Duduxin: ou adm ta aew?
[09/05/2011 17:44:51] Vulcano: adm
[09/05/2011 17:44:54] Vulcano: tiro a chance dos outros
[09/05/2011 17:44:55] Vulcano: n vale
[09/05/2011 17:44:56] Vulcano: --'
[09/05/2011 17:45:12] Sir Gelli: e
[09/05/2011 17:45:24] Vulcano: eu poderia ter ganhado uma armor vip
[09/05/2011 17:45:25] Vulcano: de mage
[09/05/2011 17:45:27] Vulcano: kkkkkkkk
[09/05/2011 22:15:59] Cabral: onde pega promotion?
[10/05/2011 10:40:32] Exevo Vis Hur: o pz num ker sai 
[10/05/2011 10:40:34] Exevo Vis Hur: ajuda
[10/05/2011 15:40:01] Oh man: tem alguem ai
[10/05/2011 15:40:37] Vulcano: não
[10/05/2011 18:44:14] Pedrokx: DA PRA CONCERTA O LAG
[10/05/2011 18:44:29] Pedrokx: TO FREEZADO
[10/05/2011 18:44:34] Pedrokx: 10 X A CADA 20 MIN
[10/05/2011 19:18:15] Zeh Ruela: GOD ta ai urgente bug
[10/05/2011 21:29:26] Ramis Otrebla: pq tanto elg
[10/05/2011 21:29:28] Ramis Otrebla: leg
[10/05/2011 22:54:41] Ah Imorrivel: god ta ai?
[10/05/2011 22:54:41] Ah Imorrivel: god ta ai?
[11/05/2011 09:59:01] Lord Dig: COMPRO SWORD VIP AE 20 KK
[11/05/2011 09:59:01] Lord Dig: COMPRO SWORD VIP AE 20 KK
[11/05/2011 13:09:04] Lord Dig: `PPAGO 1 KKK NA VIP SWORD
[11/05/2011 13:09:05] Lord Dig: `PPAGO 1 KKK NA VIP SWORD
[11/05/2011 16:31:10] Leal: AEE AQUI TEM MAGIAS ESPECIAIS??
[11/05/2011 16:31:14] Leal: ??
[11/05/2011 17:30:20] Oh man: tem alguem ai
[11/05/2011 17:30:24] Oh man: adm
[11/05/2011 17:30:26] Oh man: gm
[11/05/2011 17:30:28] Oh man: cm alguem
[11/05/2011 17:31:33] Oh man: lesk
[12/05/2011 13:10:29] Jeck: QUE LAG É ESSE MOSSO
[12/05/2011 15:12:03] Keko: OT LIXODA PORRA LAG DO CARALHO
[12/05/2011 23:03:46] Khortex: VENDO VIP STAR ! OU TROCO EM ENFORCED AXE
[13/05/2011 11:23:01] Dimas: cade os djins/
[13/05/2011 14:10:28] Argon: tem como caçar tbm?
[13/05/2011 14:16:39] Argon: tem exori com n?
[13/05/2011 15:17:31] Crazy Darck: adm ta ae
[13/05/2011 22:23:29] Crazy Darck: adm
[13/05/2011 22:23:39] Crazy Darck: fala privative comigo por favor
[13/05/2011 22:26:01] Crazy Darck: adm sei de uns cara q tava usando lvl 50 pra trapa
[13/05/2011 22:38:28] Mamiloes: adm on?
[14/05/2011 00:05:19] Aiaiaiauiui: o adm tao trapando denovo
[14/05/2011 00:05:24] Aiaiaiauiui: com lvl 50
[14/05/2011 00:24:12] Master: !ronakdi
[14/05/2011 11:08:12] Jeck: ADM
[14/05/2011 11:08:48] Skate: TRADE ENFORCED WAND/ROD             FOR             ENFORCED STAR
[14/05/2011 11:09:22] Wolverine: adm ta aew?
[14/05/2011 11:09:27] Skate: TRADE ENFORCED WAND/ROD             FOR             ENFORCED STAR
[14/05/2011 11:09:31] Wolverine: adm ta aew?
[14/05/2011 11:09:46] Wolverine: TROCO LEGS DE KINA POR LEGS DE PALLY,TROCO BOOTS DE KINA POR STAR DE PALLY
[14/05/2011 11:09:46] Jeck: ADM
[14/05/2011 11:09:47] Jeck: ADM
[14/05/2011 11:09:47] Jeck: ADM
[14/05/2011 11:17:09] Jeck: adm 
[14/05/2011 11:44:12] Red Tube: onde vendi intens? 
[14/05/2011 11:44:20] Red Tube: hi
[14/05/2011 11:44:24] Skate: TRADE ENFORCED WAND/ROD             FOR             ENFORCED STAR
[14/05/2011 11:45:44] Wolverine: TROCO LEGS DE KINA POR LEGS DE PALLY,TROCO BOOTS DE KINA POR STAR DE PALLY
[14/05/2011 12:35:06] Royal Lelo: lagggg
[14/05/2011 12:38:31] Skate: TRADE ENFORCED WAND/ROD             FOR             ENFORCED STAR
[14/05/2011 12:38:52] Skate: TRADE ENFORCED WAND/ROD   FOR  ENFORCED STAR
[14/05/2011 12:44:17] Royal Lelo: EI GOD TIRA O LAG 
[14/05/2011 15:56:00] Wolverine: TROCO ENFORCED PALADIN ARMOR POR ENFORCED STAR
[14/05/2011 15:56:02] Wolverine: TROCO ENFORCED PALADIN ARMOR POR ENFORCED STAR
[14/05/2011 17:45:45] Kiknight: draken esta bugado ?
[14/05/2011 17:56:03] Sasuke: trade ENFORCED MAGE SHIELD POR  ENFORCED AXE~~
[14/05/2011 17:58:27] Sasuke: trade ENFORCED MAGE SHIELD POR  ENFORCED AXE~~
[14/05/2011 19:06:46] Sasuke: TRADE ENFORCED SHIELD MAGE POR ENFORCED AXE~~~TRADE ENFORCED SHIELD MAGE POR ENFORCED AXE~~
[14/05/2011 19:13:37] Sasuke: TRADE ENFORCED SHIELD MAGE POR ENFORCED AXE~~
[14/05/2011 22:19:49] Oh man: tem alguem ai
[15/05/2011 14:03:46] Ruffles: GOD ON?
[15/05/2011 15:37:15] Oh man: TEM ALGUEM AI
[15/05/2011 15:47:25] Lord Dig: TROCO ENFORCED WAND POR ENFORCED STAR
[15/05/2011 15:49:26] Oh man: PROCURO DRUID PARA IR POI OU TIME
[15/05/2011 15:49:27] Oh man: PROCURO DRUID PARA IR POI OU TIME
[15/05/2011 15:56:56] Tabako: Aew Alguem God On
[15/05/2011 15:56:57] Tabako: ?
[15/05/2011 15:59:21] Oh man: TEM ALGUM MAGE AEW???
[15/05/2011 16:00:37] Tabako: God On to Com uma Divida
[15/05/2011 16:00:44] Oh man: TEM ALGUM MAGE ON?
[15/05/2011 16:01:54] Tabako: Alguem GOd ON QUero Fazer 1 Pergunta
[15/05/2011 16:06:26] Tabako: God ON
[15/05/2011 16:22:33] Tabako: Porra Num Tem Good On NEssa Porra N Cm Adm kalker Coisa
[15/05/2011 16:22:35] Tabako: Porra Num Tem Good On NEssa Porra N Cm Adm kalker Coisa
[15/05/2011 16:22:36] Tabako: Porra Num Tem Good On NEssa Porra N Cm Adm kalker Coisa
[15/05/2011 16:22:36] Tabako: Porra Num Tem Good On NEssa Porra N Cm Adm kalker Coisa
[15/05/2011 20:06:39] Oh man: ADM TAI?
[15/05/2011 20:07:19] Ruffles: prosiga meu jovem 
[15/05/2011 20:07:19] Ruffles: ;x
[15/05/2011 20:07:25] Ruffles: resenha ;s
[15/05/2011 20:07:25] Oh man: tu eh adm?
[15/05/2011 20:07:29] Ruffles: n
[15/05/2011 20:10:30] Oh man: BUY SOFT BOOTS ( MSG ME FAST)
[15/05/2011 20:11:02] Ruffles: poi quest = soft boots ;x
[15/05/2011 20:11:21] Oh man: n solo
[15/05/2011 20:11:48] Oh man: tu eh druid?
[15/05/2011 21:22:38] Kiknight: buy enforced knight armor,helmet,boots,shield 13kk ea
[16/05/2011 13:04:40] Digonico Haluxa: AGUEM AE
[16/05/2011 22:54:18] Malokero: OTlag
[17/05/2011 01:03:42] Ariadna: GOOOOOOD
[17/05/2011 01:06:32] Ariadno: GOOOOOOO
[17/05/2011 13:14:10] Akyrius: CARALHO
[17/05/2011 13:14:11] Akyrius: DE LAG
[17/05/2011 14:35:05] Miichelzera: hardcore-pvp.servegame.com     ( ENTREM AE , MAPA VENORE , SEM LAG , PVP - ENFORCED )
[18/05/2011 04:11:16] Segredo: /lol
[18/05/2011 20:59:11] Etah Spykeries: gm ta ae arrumando as coisas?
[18/05/2011 21:00:02] Etah Spykeries: bora
[18/05/2011 21:41:07] Kakito: a dificil
[18/05/2011 22:26:48] Segredo: o myth
[19/05/2011 08:35:09] Yu Kuh Say: ta ae god?
[19/05/2011 10:39:16] Lotdls: ta foda
[19/05/2011 13:18:14] Wolverine: ALGUM RESPONSAVEL PELO OT?
[20/05/2011 00:20:51] Sasuke: GOD  TA BUGADO EXETA RES
[20/05/2011 02:59:37] Maguila: adm on?
[20/05/2011 03:22:39] Evilzinho: alguem ae ?
[20/05/2011 03:22:44] Evilzinho: quero saber onde pagar promote
[20/05/2011 08:14:50] Exori Gran: adm
[20/05/2011 09:28:19] Palyzinha Stronda: ae
[20/05/2011 09:28:22] Palyzinha Stronda: to preso
[20/05/2011 18:33:54] Lord Dig Dig: RAP
[20/05/2011 18:56:32] Exori Gran: adm
[20/05/2011 18:56:32] Exori Gran: adm
[20/05/2011 18:56:33] Exori Gran: adm
[21/05/2011 14:37:44] Joao Test: alguem me ajuda eu quero tira pz tem como
[21/05/2011 14:37:44] Joao Test: ?
[21/05/2011 17:37:11] Exori Gran: ADM / GOD          ALGUEM ON?????
[21/05/2011 17:42:44] Wolverine: nao
[21/05/2011 17:42:55] Wolverine: era oq lek?
[21/05/2011 18:26:58] Sky Slayer: GOD ONLINE?
[21/05/2011 18:27:09] Wolverine: nao,posso ajudar?
[21/05/2011 18:27:16] Sky Slayer: claro
[21/05/2011 18:27:21] Sky Slayer: eh q eu to nos demons aki
[21/05/2011 18:27:26] Sky Slayer: e cai num tapete
[21/05/2011 18:27:30] Sky Slayer: tem como sair?
[21/05/2011 18:27:39] Wolverine: demon novo?
[21/05/2011 18:27:42] Sky Slayer: sim
[21/05/2011 18:27:47] Wolverine: Hum...
[21/05/2011 18:27:50] Wolverine: espere um momento
[21/05/2011 18:27:55] Sky Slayer: ok
[21/05/2011 18:27:56] Sky Slayer: ^^
[21/05/2011 18:29:49] Sky Slayer: vc vai vir aki?
[21/05/2011 18:30:10] Wolverine: ia ve se o adm tava on
[21/05/2011 18:30:43] Sky Slayer: ele n esta n neh
[21/05/2011 18:30:43] Sky Slayer: =/
[21/05/2011 18:30:50] Wolverine: adm ta off
[21/05/2011 18:31:27] Sky Slayer: cara n tem nenhum portal
[21/05/2011 18:31:28] Sky Slayer: pra sair
[21/05/2011 18:31:30] Sky Slayer: daki
[21/05/2011 18:31:31] Sky Slayer: =/
[21/05/2011 18:31:44] Sky Slayer: jah explorei
[21/05/2011 18:31:47] Sky Slayer: tudo aki
[21/05/2011 18:32:11] Wolverine: tenta usar "exani hur "up
[21/05/2011 18:32:32] Wolverine: afk
[22/05/2011 02:22:51] Assassinu: gm on?
[22/05/2011 02:26:36] Mc Lon: n sei
[22/05/2011 12:51:41] Sky Slayer: Como q eu vou conseguir fazer a INQ sozinho?
[22/05/2011 12:51:43] Sky Slayer: kkkkkkkkkk
[22/05/2011 12:52:03] Sky Slayer: todo mundo morreu sobrou soh eu ake
[22/05/2011 12:52:05] Sky Slayer: =(
[22/05/2011 14:14:32] Wellerson: algum gm on?
[23/05/2011 10:09:55] Sky'slayer: GOD
[23/05/2011 10:10:31] Sky'slayer: GOD?
[24/05/2011 19:19:41] Sky'slayer: O serv voltou a quanto tempo?
[24/05/2011 20:36:08] Sky'slayer: O GOD AJUDA AEW MEU IRMAO
[25/05/2011 12:52:09] Capivara Na Vara: LAAAAAAAAAAAAAAAAAAAAAAAAAAAAAAAAAAAAAAAg
[26/05/2011 01:30:39] Zeeh: eu
[29/05/2011 18:23:15] Magezenho Loko: onde vende itens?
[30/05/2011 13:00:03] Arms: ta ae adm?
[31/05/2011 15:05:47] Arms: ta ae god?
[31/05/2011 15:16:43] Arms: hi
[31/05/2011 15:16:47] Arms: ;x
[31/05/2011 22:49:17] Sky Slayer: 22:46 Japones Voador [223]: SOCORRRROOOO EU TO PRESSSOOO!!!!!!!!!!!!!!!! 22:47 Japones Voador [223]: GGGGGGGGGMMMMMMMMMMMMMMMMMMMMMMMMMM TO PRESSSOOO
[31/05/2011 22:50:00] Japones Voador: to pressooo gmmm
[31/05/2011 22:50:04] Japones Voador: me ajuda
[31/05/2011 22:50:23] Japones Voador: to preso de baixo dos treinarrr ... 
[31/05/2011 22:50:25] Japones Voador: ...
[31/05/2011 23:12:37] Ta Arms: troco o mapa dos treiner só?
[01/06/2011 18:58:29] Ta Arms: vai cai e reseta amsi alguma vez?
[01/06/2011 20:52:42] Ta Arms: ta ai adm?
[21/06/2011 18:47:01] Yurixd: ei
[21/06/2011 18:49:04] Yurixd: /
[21/06/2011 18:49:04] Yurixd: /
[21/06/2011 18:49:04] Yurixd: /
[21/06/2011 18:49:04] Yurixd: /
[21/06/2011 18:49:04] Yurixd: /
[21/06/2011 18:49:04] Yurixd: /
[21/06/2011 18:49:05] Yurixd: /
[21/06/2011 18:49:05] Yurixd: /
[21/06/2011 18:49:05] Yurixd: /
[21/06/2011 18:49:06] Yurixd: /
[21/06/2011 18:49:07] Yurixd: /
[21/06/2011 18:49:07] Yurixd: /
[21/06/2011 18:49:08] Yurixd: /
[21/06/2011 18:49:08] Yurixd: /
[21/06/2011 18:49:08] Yurixd: /
[03/08/2011 09:23:10] Deko: host
[03/08/2011 09:23:16] Deko: gm
