[16/11/2011 12:44:33] /r
[18/11/2011 03:14:40] /ghost
[18/11/2011 03:23:05] /addskill Master Revoltz,level 1
[18/11/2011 03:23:07] /addskill Master Revoltz,level 1
[18/11/2011 03:23:08] /addskill Master Revoltz,level 1
[18/11/2011 03:23:08] /addskill Master Revoltz,level 1
[18/11/2011 03:23:08] /addskill Master Revoltz,level 1
[18/11/2011 03:23:08] /addskill Master Revoltz,level 1
[18/11/2011 03:23:08] /addskill Master Revoltz,level 1
[18/11/2011 03:23:08] /addskill Master Revoltz,level 1
[18/11/2011 03:23:08] /addskill Master Revoltz,level 1
[18/11/2011 03:23:08] /addskill Master Revoltz,level 1
[18/11/2011 03:23:08] /addskill Master Revoltz,level 1
[18/11/2011 03:23:08] /addskill Master Revoltz,level 1
[18/11/2011 03:23:09] /addskill Master Revoltz,level 1
[18/11/2011 03:23:09] /addskill Master Revoltz,level 1
[18/11/2011 03:23:09] /addskill Master Revoltz,level 1
[18/11/2011 03:23:09] /addskill Master Revoltz,level 1
[18/11/2011 03:23:09] /addskill Master Revoltz,level 1
[18/11/2011 03:23:09] /addskill Master Revoltz,level 1
[18/11/2011 03:23:09] /addskill Master Revoltz,level 1
[18/11/2011 03:23:09] /addskill Master Revoltz,level 1
[18/11/2011 03:23:09] /addskill Master Revoltz,level 1
[18/11/2011 03:23:09] /addskill Master Revoltz,level 1
[18/11/2011 03:23:09] /addskill Master Revoltz,level 1
[18/11/2011 03:23:09] /addskill Master Revoltz,level 1
[18/11/2011 03:23:09] /addskill Master Revoltz,level 1
[18/11/2011 03:23:09] /addskill Master Revoltz,level 1
[18/11/2011 03:23:10] /addskill Master Revoltz,level 1
[18/11/2011 03:23:10] /addskill Master Revoltz,level 1
[18/11/2011 03:23:10] /addskill Master Revoltz,level 1
[18/11/2011 03:23:10] /addskill Master Revoltz,level 1
[18/11/2011 03:23:10] /addskill Master Revoltz,level 1
[18/11/2011 03:23:10] /addskill Master Revoltz,level 1
[18/11/2011 03:23:10] /addskill Master Revoltz,level 1
[18/11/2011 03:23:10] /addskill Master Revoltz,level 1
[18/11/2011 03:23:10] /addskill Master Revoltz,level 1
[18/11/2011 03:23:10] /addskill Master Revoltz,level 1
[18/11/2011 03:23:10] /addskill Master Revoltz,level 1
[18/11/2011 03:23:10] /addskill Master Revoltz,level 1
[18/11/2011 03:23:10] /addskill Master Revoltz,level 1
[18/11/2011 03:23:10] /addskill Master Revoltz,level 1
[18/11/2011 03:23:10] /addskill Master Revoltz,level 1
[18/11/2011 03:23:10] /addskill Master Revoltz,level 1
[18/11/2011 03:23:11] /addskill Master Revoltz,level 1
[18/11/2011 03:23:11] /addskill Master Revoltz,level 1
[18/11/2011 03:23:11] /addskill Master Revoltz,level 1
[18/11/2011 03:23:11] /addskill Master Revoltz,level 1
[18/11/2011 03:23:11] /addskill Master Revoltz,level 1
[18/11/2011 03:23:11] /addskill Master Revoltz,level 1
[18/11/2011 03:23:11] /addskill Master Revoltz,level 1
[18/11/2011 03:23:11] /addskill Master Revoltz,level 1
[18/11/2011 03:23:11] /addskill Master Revoltz,level 1
[18/11/2011 03:23:11] /addskill Master Revoltz,level 1
[18/11/2011 03:23:11] /addskill Master Revoltz,level 1
[18/11/2011 03:23:11] /addskill Master Revoltz,level 1
[18/11/2011 03:23:11] /addskill Master Revoltz,level 1
[18/11/2011 03:23:12] /addskill Master Revoltz,level 1
[18/11/2011 03:23:12] /addskill Master Revoltz,level 1
[18/11/2011 03:23:12] /addskill Master Revoltz,level 1
[18/11/2011 03:23:12] /addskill Master Revoltz,level 1
[18/11/2011 03:23:12] /addskill Master Revoltz,level 1
[18/11/2011 03:23:12] /addskill Master Revoltz,level 1
[18/11/2011 03:23:12] /addskill Master Revoltz,level 1
[18/11/2011 03:23:12] /addskill Master Revoltz,level 1
[18/11/2011 03:23:12] /addskill Master Revoltz,level 1
[18/11/2011 03:23:12] /addskill Master Revoltz,level 1
[18/11/2011 03:23:12] /addskill Master Revoltz,level 1
[18/11/2011 03:23:12] /addskill Master Revoltz,level 1
[18/11/2011 03:23:12] /addskill Master Revoltz,level 1
[18/11/2011 03:23:13] /addskill Master Revoltz,level 1
[18/11/2011 03:23:13] /addskill Master Revoltz,level 1
[18/11/2011 03:23:13] /addskill Master Revoltz,level 1
[18/11/2011 03:23:13] /addskill Master Revoltz,level 1
[18/11/2011 03:23:13] /addskill Master Revoltz,level 1
[18/11/2011 03:23:13] /addskill Master Revoltz,level 1
[18/11/2011 03:23:13] /addskill Master Revoltz,level 1
[18/11/2011 03:23:13] /addskill Master Revoltz,level 1
[18/11/2011 03:23:13] /addskill Master Revoltz,level 1
[18/11/2011 03:23:13] /addskill Master Revoltz,level 1
[18/11/2011 03:23:13] /addskill Master Revoltz,level 1
[18/11/2011 03:23:13] /addskill Master Revoltz,level 1
[18/11/2011 03:23:13] /addskill Master Revoltz,level 1
[18/11/2011 03:23:14] /addskill Master Revoltz,level 1
[18/11/2011 03:23:14] /addskill Master Revoltz,level 1
[18/11/2011 03:23:14] /addskill Master Revoltz,level 1
[18/11/2011 03:23:14] /addskill Master Revoltz,level 1
[18/11/2011 03:23:14] /addskill Master Revoltz,level 1
[18/11/2011 03:23:14] /addskill Master Revoltz,level 1
[18/11/2011 03:23:14] /addskill Master Revoltz,level 1
[18/11/2011 03:23:14] /addskill Master Revoltz,level 1
[18/11/2011 03:23:14] /addskill Master Revoltz,level 1
[18/11/2011 03:23:14] /addskill Master Revoltz,level 1
[18/11/2011 03:23:14] /addskill Master Revoltz,level 1
[18/11/2011 03:23:14] /addskill Master Revoltz,level 1
[18/11/2011 03:23:14] /addskill Master Revoltz,level 1
[18/11/2011 03:23:14] /addskill Master Revoltz,level 1
[18/11/2011 03:23:15] /addskill Master Revoltz,level 1
[18/11/2011 03:23:15] /addskill Master Revoltz,level 1
[18/11/2011 03:23:15] /addskill Master Revoltz,level 1
[18/11/2011 03:23:15] /addskill Master Revoltz,level 1
[18/11/2011 03:23:15] /addskill Master Revoltz,level 1
[18/11/2011 03:23:15] /addskill Master Revoltz,level 1
[18/11/2011 03:23:15] /addskill Master Revoltz,level 1
[18/11/2011 03:23:15] /addskill Master Revoltz,level 1
[18/11/2011 03:23:15] /addskill Master Revoltz,level 1
[18/11/2011 03:23:15] /addskill Master Revoltz,level 1
[18/11/2011 03:23:15] /addskill Master Revoltz,level 1
[18/11/2011 03:23:15] /addskill Master Revoltz,level 1
[18/11/2011 03:23:15] /addskill Master Revoltz,level 1
[18/11/2011 03:23:15] /addskill Master Revoltz,level 1
[18/11/2011 03:23:16] /addskill Master Revoltz,level 1
[18/11/2011 03:23:16] /addskill Master Revoltz,level 1
[18/11/2011 03:23:16] /addskill Master Revoltz,level 1
[18/11/2011 03:23:16] /addskill Master Revoltz,level 1
[18/11/2011 03:23:16] /addskill Master Revoltz,level 1
[18/11/2011 03:23:16] /addskill Master Revoltz,level 1
[18/11/2011 03:23:16] /addskill Master Revoltz,level 1
[18/11/2011 03:23:16] /addskill Master Revoltz,level 1
[18/11/2011 03:23:16] /addskill Master Revoltz,level 1
[18/11/2011 03:23:16] /addskill Master Revoltz,level 1
[18/11/2011 03:23:16] /addskill Master Revoltz,level 1
[18/11/2011 03:23:16] /addskill Master Revoltz,level 1
[18/11/2011 03:23:17] /addskill Master Revoltz,level 1
[18/11/2011 03:23:17] /addskill Master Revoltz,level 1
[18/11/2011 03:23:17] /addskill Master Revoltz,level 1
[18/11/2011 03:23:17] /addskill Master Revoltz,level 1
[18/11/2011 03:23:17] /addskill Master Revoltz,level 1
[18/11/2011 03:23:17] /addskill Master Revoltz,level 1
[18/11/2011 03:23:17] /addskill Master Revoltz,level 1
[18/11/2011 03:23:17] /addskill Master Revoltz,level 1
[18/11/2011 03:23:17] /addskill Master Revoltz,level 1
[18/11/2011 03:23:17] /addskill Master Revoltz,level 1
[18/11/2011 03:23:17] /addskill Master Revoltz,level 1
[18/11/2011 03:23:17] /addskill Master Revoltz,level 1
[18/11/2011 03:23:18] /addskill Master Revoltz,level 1
[18/11/2011 03:23:18] /addskill Master Revoltz,level 1
[18/11/2011 03:23:18] /addskill Master Revoltz,level 1
[18/11/2011 03:23:18] /addskill Master Revoltz,level 1
[18/11/2011 03:23:18] /addskill Master Revoltz,level 1
[18/11/2011 03:23:18] /addskill Master Revoltz,level 1
[18/11/2011 03:23:18] /addskill Master Revoltz,level 1
[18/11/2011 03:23:18] /addskill Master Revoltz,level 1
[18/11/2011 03:23:18] /addskill Master Revoltz,level 1
[18/11/2011 03:23:18] /addskill Master Revoltz,level 1
[18/11/2011 03:23:18] /addskill Master Revoltz,level 1
[18/11/2011 03:23:19] /addskill Master Revoltz,level 1
[18/11/2011 03:23:19] /addskill Master Revoltz,level 1
[18/11/2011 03:23:19] /addskill Master Revoltz,level 1
[18/11/2011 03:23:19] /addskill Master Revoltz,level 1
[18/11/2011 03:23:19] /addskill Master Revoltz,level 1
[18/11/2011 03:23:19] /addskill Master Revoltz,level 1
[18/11/2011 03:23:19] /addskill Master Revoltz,level 1
[18/11/2011 03:23:19] /addskill Master Revoltz,level 1
[18/11/2011 03:23:19] /addskill Master Revoltz,level 1
[18/11/2011 03:23:19] /addskill Master Revoltz,level 1
[18/11/2011 03:23:19] /addskill Master Revoltz,level 1
[18/11/2011 03:23:19] /addskill Master Revoltz,level 1
[18/11/2011 03:23:19] /addskill Master Revoltz,level 1
[18/11/2011 03:23:20] /addskill Master Revoltz,level 1
[18/11/2011 03:23:20] /addskill Master Revoltz,level 1
[18/11/2011 03:23:20] /addskill Master Revoltz,level 1
[18/11/2011 03:23:20] /addskill Master Revoltz,level 1
[18/11/2011 03:23:20] /addskill Master Revoltz,level 1
[18/11/2011 03:23:20] /addskill Master Revoltz,level 1
[18/11/2011 03:23:21] /addskill Master Revoltz,level 1
[18/11/2011 03:23:21] /addskill Master Revoltz,level 1
[18/11/2011 03:23:21] /addskill Master Revoltz,level 1
[18/11/2011 03:23:22] /addskill Master Revoltz,level 1
[18/11/2011 03:23:23] /addskill Master Revoltz,level 1
[18/11/2011 03:23:23] /addskill Master Revoltz,level 1
[18/11/2011 03:23:23] /addskill Master Revoltz,level 1
[18/11/2011 03:23:23] /addskill Master Revoltz,level 1
[18/11/2011 03:23:24] /addskill Master Revoltz,level 1
[18/11/2011 03:23:24] /addskill Master Revoltz,level 1
[18/11/2011 03:23:24] /addskill Master Revoltz,level 1
[18/11/2011 03:23:24] /addskill Master Revoltz,level 1
[18/11/2011 03:23:24] /addskill Master Revoltz,level 1
[18/11/2011 03:23:24] /addskill Master Revoltz,level 1
[18/11/2011 03:23:24] /addskill Master Revoltz,level 1
[18/11/2011 03:23:24] /addskill Master Revoltz,level 1
[18/11/2011 03:23:24] /addskill Master Revoltz,level 1
[18/11/2011 03:23:24] /addskill Master Revoltz,level 1
[18/11/2011 03:23:24] /addskill Master Revoltz,level 1
[18/11/2011 03:23:24] /addskill Master Revoltz,level 1
[18/11/2011 03:23:24] /addskill Master Revoltz,level 1
[18/11/2011 03:23:24] /addskill Master Revoltz,level 1
[18/11/2011 03:23:24] /addskill Master Revoltz,level 1
[18/11/2011 03:23:25] /addskill Master Revoltz,level 1
[18/11/2011 03:23:25] /addskill Master Revoltz,level 1
[18/11/2011 03:23:25] /addskill Master Revoltz,level 1
[18/11/2011 03:23:25] /addskill Master Revoltz,level 1
[18/11/2011 03:23:25] /addskill Master Revoltz,level 1
[18/11/2011 03:23:25] /addskill Master Revoltz,level 1
[18/11/2011 03:23:25] /addskill Master Revoltz,level 1
[18/11/2011 03:23:25] /addskill Master Revoltz,level 1
[18/11/2011 03:23:25] /addskill Master Revoltz,level 1
[18/11/2011 03:23:25] /addskill Master Revoltz,level 1
[18/11/2011 03:23:25] /addskill Master Revoltz,level 1
[18/11/2011 03:23:25] /addskill Master Revoltz,level 1
[18/11/2011 03:23:25] /addskill Master Revoltz,level 1
[18/11/2011 03:23:25] /addskill Master Revoltz,level 1
[18/11/2011 03:23:25] /addskill Master Revoltz,level 1
[18/11/2011 03:23:26] /addskill Master Revoltz,level 1
[18/11/2011 03:23:26] /addskill Master Revoltz,level 1
[18/11/2011 03:23:26] /addskill Master Revoltz,level 1
[18/11/2011 03:23:26] /addskill Master Revoltz,level 1
[18/11/2011 03:23:26] /addskill Master Revoltz,level 1
[18/11/2011 03:23:26] /addskill Master Revoltz,level 1
[18/11/2011 03:23:26] /addskill Master Revoltz,level 1
[18/11/2011 03:23:26] /addskill Master Revoltz,level 1
[18/11/2011 03:23:26] /addskill Master Revoltz,level 1
[18/11/2011 03:23:26] /addskill Master Revoltz,level 1
[18/11/2011 03:23:26] /addskill Master Revoltz,level 1
[18/11/2011 03:23:26] /addskill Master Revoltz,level 1
[18/11/2011 03:23:26] /addskill Master Revoltz,level 1
[18/11/2011 03:23:26] /addskill Master Revoltz,level 1
[18/11/2011 03:23:27] /addskill Master Revoltz,level 1
[18/11/2011 03:23:27] /addskill Master Revoltz,level 1
[18/11/2011 03:23:27] /addskill Master Revoltz,level 1
[18/11/2011 03:23:27] /addskill Master Revoltz,level 1
[18/11/2011 03:23:27] /addskill Master Revoltz,level 1
[18/11/2011 03:23:27] /addskill Master Revoltz,level 1
[18/11/2011 03:23:27] /addskill Master Revoltz,level 1
[18/11/2011 03:23:27] /addskill Master Revoltz,level 1
[18/11/2011 03:23:27] /addskill Master Revoltz,level 1
[18/11/2011 03:23:27] /addskill Master Revoltz,level 1
[18/11/2011 03:23:27] /addskill Master Revoltz,level 1
[18/11/2011 03:23:27] /addskill Master Revoltz,level 1
[18/11/2011 03:23:27] /addskill Master Revoltz,level 1
[18/11/2011 03:23:27] /addskill Master Revoltz,level 1
[18/11/2011 03:23:27] /addskill Master Revoltz,level 1
[18/11/2011 03:23:27] /addskill Master Revoltz,level 1
[18/11/2011 03:23:27] /addskill Master Revoltz,level 1
[18/11/2011 03:23:28] /addskill Master Revoltz,level 1
[18/11/2011 03:23:28] /addskill Master Revoltz,level 1
[18/11/2011 03:23:28] /addskill Master Revoltz,level 1
[18/11/2011 03:23:28] /addskill Master Revoltz,level 1
[18/11/2011 03:23:28] /addskill Master Revoltz,level 1
[18/11/2011 03:23:28] /addskill Master Revoltz,level 1
[18/11/2011 03:23:28] /addskill Master Revoltz,level 1
[18/11/2011 03:23:28] /addskill Master Revoltz,level 1
[18/11/2011 03:23:28] /addskill Master Revoltz,level 1
[18/11/2011 03:23:28] /addskill Master Revoltz,level 1
[18/11/2011 03:23:28] /addskill Master Revoltz,level 1
[18/11/2011 03:23:28] /addskill Master Revoltz,level 1
[18/11/2011 03:23:28] /addskill Master Revoltz,level 1
[18/11/2011 03:23:29] /addskill Master Revoltz,level 1
[18/11/2011 03:23:29] /addskill Master Revoltz,level 1
[18/11/2011 03:23:29] /addskill Master Revoltz,level 1
[18/11/2011 03:23:29] /addskill Master Revoltz,level 1
[18/11/2011 03:23:29] /addskill Master Revoltz,level 1
[18/11/2011 03:23:29] /addskill Master Revoltz,level 1
[18/11/2011 03:23:29] /addskill Master Revoltz,level 1
[18/11/2011 03:23:29] /addskill Master Revoltz,level 1
[18/11/2011 03:23:30] /addskill Master Revoltz,level 1
[18/11/2011 03:23:30] /addskill Master Revoltz,level 1
[18/11/2011 03:23:30] /addskill Master Revoltz,level 1
[18/11/2011 03:23:30] /addskill Master Revoltz,level 1
[18/11/2011 03:23:30] /addskill Master Revoltz,level 1
[18/11/2011 03:23:30] /addskill Master Revoltz,level 1
[18/11/2011 03:23:30] /addskill Master Revoltz,level 1
[18/11/2011 03:23:30] /addskill Master Revoltz,level 1
[18/11/2011 03:23:30] /addskill Master Revoltz,level 1
[18/11/2011 03:23:30] /addskill Master Revoltz,level 1
[18/11/2011 03:23:30] /addskill Master Revoltz,level 1
[18/11/2011 03:23:30] /addskill Master Revoltz,level 1
[18/11/2011 03:23:31] /addskill Master Revoltz,level 1
[18/11/2011 03:23:31] /addskill Master Revoltz,level 1
[18/11/2011 03:23:31] /addskill Master Revoltz,level 1
[18/11/2011 03:23:31] /addskill Master Revoltz,level 1
[18/11/2011 03:23:31] /addskill Master Revoltz,level 1
[18/11/2011 03:23:31] /addskill Master Revoltz,level 1
[18/11/2011 03:23:31] /addskill Master Revoltz,level 1
[18/11/2011 03:23:31] /addskill Master Revoltz,level 1
[18/11/2011 03:23:31] /addskill Master Revoltz,level 1
[18/11/2011 03:23:31] /addskill Master Revoltz,level 1
[18/11/2011 03:23:31] /addskill Master Revoltz,level 1
[18/11/2011 03:23:31] /addskill Master Revoltz,level 1
[18/11/2011 03:23:31] /addskill Master Revoltz,level 1
[18/11/2011 03:23:31] /addskill Master Revoltz,level 1
[18/11/2011 03:23:32] /addskill Master Revoltz,level 1
[18/11/2011 03:23:32] /addskill Master Revoltz,level 1
[18/11/2011 03:23:32] /addskill Master Revoltz,level 1
[18/11/2011 03:23:32] /addskill Master Revoltz,level 1
[18/11/2011 03:23:33] /addskill Master Revoltz,level 1
[18/11/2011 03:23:33] /addskill Master Revoltz,level 1
[18/11/2011 03:23:42] /addskill Master Revoltz,magic
[18/11/2011 03:23:42] /addskill Master Revoltz,magic
[18/11/2011 03:23:43] /addskill Master Revoltz,magic
[18/11/2011 03:23:43] /addskill Master Revoltz,magic
[18/11/2011 03:23:43] /addskill Master Revoltz,magic
[18/11/2011 03:23:43] /addskill Master Revoltz,magic
[18/11/2011 03:23:43] /addskill Master Revoltz,magic
[18/11/2011 03:23:43] /addskill Master Revoltz,magic
[18/11/2011 03:23:43] /addskill Master Revoltz,magic
[18/11/2011 03:23:43] /addskill Master Revoltz,magic
[18/11/2011 03:23:43] /addskill Master Revoltz,magic
[18/11/2011 03:23:43] /addskill Master Revoltz,magic
[18/11/2011 03:23:43] /addskill Master Revoltz,magic
[18/11/2011 03:23:43] /addskill Master Revoltz,magic
[18/11/2011 03:23:44] /addskill Master Revoltz,magic
[18/11/2011 03:23:44] /addskill Master Revoltz,magic
[18/11/2011 03:23:44] /addskill Master Revoltz,magic
[18/11/2011 03:23:44] /addskill Master Revoltz,magic
[18/11/2011 03:23:44] /addskill Master Revoltz,magic
[18/11/2011 03:23:44] /addskill Master Revoltz,magic
[18/11/2011 03:23:44] /addskill Master Revoltz,magic
[18/11/2011 03:23:44] /addskill Master Revoltz,magic
[18/11/2011 03:23:44] /addskill Master Revoltz,magic
[18/11/2011 03:23:44] /addskill Master Revoltz,magic
[18/11/2011 03:23:44] /addskill Master Revoltz,magic
[18/11/2011 03:23:44] /addskill Master Revoltz,magic
[18/11/2011 03:23:44] /addskill Master Revoltz,magic
[18/11/2011 03:23:44] /addskill Master Revoltz,magic
[18/11/2011 03:23:45] /addskill Master Revoltz,magic
[18/11/2011 03:23:45] /addskill Master Revoltz,magic
[18/11/2011 03:23:45] /addskill Master Revoltz,magic
[18/11/2011 03:23:45] /addskill Master Revoltz,magic
[18/11/2011 03:23:45] /addskill Master Revoltz,magic
[18/11/2011 03:23:45] /addskill Master Revoltz,magic
[18/11/2011 03:23:45] /addskill Master Revoltz,magic
[18/11/2011 03:23:45] /addskill Master Revoltz,magic
[18/11/2011 03:23:45] /addskill Master Revoltz,magic
[18/11/2011 03:23:45] /addskill Master Revoltz,magic
[18/11/2011 03:23:45] /addskill Master Revoltz,magic
[18/11/2011 03:23:45] /addskill Master Revoltz,magic
[18/11/2011 03:23:45] /addskill Master Revoltz,magic
[18/11/2011 03:23:45] /addskill Master Revoltz,magic
[18/11/2011 03:23:46] /addskill Master Revoltz,magic
[18/11/2011 03:23:46] /addskill Master Revoltz,magic
[18/11/2011 03:23:46] /addskill Master Revoltz,magic
[18/11/2011 03:23:46] /addskill Master Revoltz,magic
[18/11/2011 03:23:46] /addskill Master Revoltz,magic
[18/11/2011 03:23:46] /addskill Master Revoltz,magic
[18/11/2011 03:23:46] /addskill Master Revoltz,magic
[18/11/2011 03:23:46] /addskill Master Revoltz,magic
[18/11/2011 03:23:46] /addskill Master Revoltz,magic
[18/11/2011 03:23:46] /addskill Master Revoltz,magic
[18/11/2011 03:23:46] /addskill Master Revoltz,magic
[18/11/2011 03:23:46] /addskill Master Revoltz,magic
[18/11/2011 03:23:46] /addskill Master Revoltz,magic
[18/11/2011 03:23:46] /addskill Master Revoltz,magic
[18/11/2011 03:23:46] /addskill Master Revoltz,magic
[18/11/2011 03:23:46] /addskill Master Revoltz,magic
[18/11/2011 03:23:46] /addskill Master Revoltz,magic
[18/11/2011 03:23:47] /addskill Master Revoltz,magic
[18/11/2011 03:23:47] /addskill Master Revoltz,magic
[18/11/2011 03:23:47] /addskill Master Revoltz,magic
[18/11/2011 03:23:47] /addskill Master Revoltz,magic
[18/11/2011 03:23:47] /addskill Master Revoltz,magic
[18/11/2011 03:23:47] /addskill Master Revoltz,magic
[18/11/2011 03:23:47] /addskill Master Revoltz,magic
[18/11/2011 03:23:47] /addskill Master Revoltz,magic
[18/11/2011 03:23:47] /addskill Master Revoltz,magic
[18/11/2011 03:23:47] /addskill Master Revoltz,magic
[18/11/2011 03:23:47] /addskill Master Revoltz,magic
[18/11/2011 03:23:48] /addskill Master Revoltz,magic
[18/11/2011 03:23:48] /addskill Master Revoltz,magic
[18/11/2011 03:23:48] /addskill Master Revoltz,magic
[18/11/2011 03:23:48] /addskill Master Revoltz,magic
[18/11/2011 03:23:48] /addskill Master Revoltz,magic
[18/11/2011 03:23:48] /addskill Master Revoltz,magic
[18/11/2011 03:23:48] /addskill Master Revoltz,magic
[18/11/2011 03:23:48] /addskill Master Revoltz,magic
[18/11/2011 03:23:48] /addskill Master Revoltz,magic
[18/11/2011 03:23:48] /addskill Master Revoltz,magic
[18/11/2011 03:23:48] /addskill Master Revoltz,magic
[18/11/2011 03:23:49] /addskill Master Revoltz,magic
[18/11/2011 03:23:49] /addskill Master Revoltz,magic
[18/11/2011 03:23:49] /addskill Master Revoltz,magic
[18/11/2011 03:23:49] /addskill Master Revoltz,magic
[18/11/2011 03:23:49] /addskill Master Revoltz,magic
[18/11/2011 03:23:49] /addskill Master Revoltz,magic
[18/11/2011 03:23:49] /addskill Master Revoltz,magic
[18/11/2011 03:23:49] /addskill Master Revoltz,magic
[18/11/2011 03:23:49] /addskill Master Revoltz,magic
[18/11/2011 03:23:49] /addskill Master Revoltz,magic
[18/11/2011 03:23:49] /addskill Master Revoltz,magic
[18/11/2011 03:23:49] /addskill Master Revoltz,magic
[18/11/2011 03:23:49] /addskill Master Revoltz,magic
[18/11/2011 03:23:50] /addskill Master Revoltz,magic
[18/11/2011 03:23:50] /addskill Master Revoltz,magic
[18/11/2011 03:23:50] /addskill Master Revoltz,magic
[18/11/2011 03:23:50] /addskill Master Revoltz,magic
[18/11/2011 03:24:01] /addskill Master Revoltz,shield
[18/11/2011 03:24:02] /addskill Master Revoltz,shield
[18/11/2011 03:24:02] /addskill Master Revoltz,shield
[18/11/2011 03:24:02] /addskill Master Revoltz,shield
[18/11/2011 03:24:02] /addskill Master Revoltz,shield
[18/11/2011 03:24:02] /addskill Master Revoltz,shield
[18/11/2011 03:24:03] /addskill Master Revoltz,shield
[18/11/2011 03:24:03] /addskill Master Revoltz,shield
[18/11/2011 03:24:03] /addskill Master Revoltz,shield
[18/11/2011 03:24:03] /addskill Master Revoltz,shield
[18/11/2011 03:24:03] /addskill Master Revoltz,shield
[18/11/2011 03:24:03] /addskill Master Revoltz,shield
[18/11/2011 03:24:03] /addskill Master Revoltz,shield
[18/11/2011 03:24:03] /addskill Master Revoltz,shield
[18/11/2011 03:24:03] /addskill Master Revoltz,shield
[18/11/2011 03:24:03] /addskill Master Revoltz,shield
[18/11/2011 03:24:04] /addskill Master Revoltz,shield
[18/11/2011 03:24:04] /addskill Master Revoltz,shield
[18/11/2011 03:24:04] /addskill Master Revoltz,shield
[18/11/2011 03:24:04] /addskill Master Revoltz,shield
[18/11/2011 03:24:14] /i royal scale robe
[18/11/2011 03:25:17] /i yalaharian mask
[18/11/2011 03:25:26] /i 9778
[18/11/2011 03:25:27] /i 9778
[18/11/2011 03:25:58] /i boots of haste
[18/11/2011 03:26:19] /i enforced knight shield
[18/11/2011 03:26:34] /r
[18/11/2011 03:26:36] /r
[18/11/2011 03:26:53] /i 8888
[18/11/2011 03:26:55] /i 8887
[18/11/2011 03:26:57] /i 8886
[18/11/2011 03:26:59] /i 8889
[18/11/2011 03:27:06] /i 8892
[18/11/2011 03:27:08] /i 8896
[18/11/2011 03:27:12] /r
[18/11/2011 03:27:40] /i 6132
[18/11/2011 03:27:41] /i 6132
[18/11/2011 03:28:01] /i spellbook
[18/11/2011 03:28:11] /i spellbook of dark mystheries
[18/11/2011 03:28:14] /i spellbook of dark mystheries
[18/11/2011 03:29:29] /i Spellbook of Dark Mysteries
[18/11/2011 03:29:30] /i Spellbook of Dark Mysteries
[18/11/2011 03:29:45] /i wand of vodoo
[18/11/2011 03:29:52] /i wand of voodoo
[18/11/2011 03:30:26] /i 8266
[18/11/2011 03:30:27] /i 8266
[18/11/2011 03:31:27] /i 5903
[18/11/2011 03:31:28] /i 5903
[18/11/2011 03:31:36] /i soul stone
[18/11/2011 03:31:38] /i soul stone
[18/11/2011 03:32:53] /i ankh
[18/11/2011 03:32:55] /i ankh
[18/11/2011 03:32:56] /i ankh
[18/11/2011 03:32:57] /i ankh
[18/11/2011 03:32:57] /i ankh
[18/11/2011 03:32:57] /i ankh
[18/11/2011 03:32:57] /i ankh
[18/11/2011 03:33:04] /i ankh
[18/11/2011 03:33:05] /i ankh
[18/11/2011 03:33:05] /i ankh
[18/11/2011 03:33:06] /i ankh
[18/11/2011 03:33:06] /i ankh
[18/11/2011 03:33:06] /i ankh
[18/11/2011 03:33:06] /i ankh
[18/11/2011 03:33:07] /i ankh
[18/11/2011 03:33:07] /i ankh
[18/11/2011 03:33:07] /i ankh
[18/11/2011 03:33:07] /i ankh
[18/11/2011 03:33:08] /i ankh
[18/11/2011 03:33:08] /i ankh
[18/11/2011 03:33:08] /i ankh
[18/11/2011 03:33:08] /i ankh
[18/11/2011 03:33:09] /i ankh
[18/11/2011 03:33:09] /i ankh
[18/11/2011 03:33:09] /i ankh
[18/11/2011 03:33:09] /i ankh
[18/11/2011 03:33:10] /i ankh
[18/11/2011 03:33:10] /i ankh
[18/11/2011 03:33:10] /i ankh
[18/11/2011 03:33:15] /i backpack
[18/11/2011 03:34:01] /i backpack
[18/11/2011 03:34:04] /i fire sword
[18/11/2011 03:34:06] /i fire sword
[18/11/2011 03:34:06] /i fire sword
[18/11/2011 03:34:06] /i fire sword
[18/11/2011 03:34:07] /i fire sword
[18/11/2011 03:34:07] /i fire sword
[18/11/2011 03:34:07] /i fire sword
[18/11/2011 03:34:07] /i fire sword
[18/11/2011 03:34:08] /i fire sword
[18/11/2011 03:34:08] /i fire sword
[18/11/2011 03:34:08] /i fire sword
[18/11/2011 03:34:08] /i fire sword
[18/11/2011 03:34:09] /i fire sword
[18/11/2011 03:34:09] /i fire sword
[18/11/2011 03:34:09] /i fire sword
[18/11/2011 03:34:09] /i fire sword
[18/11/2011 03:34:10] /i fire sword
[18/11/2011 03:34:10] /i fire sword
[18/11/2011 03:34:10] /i fire sword
[18/11/2011 03:34:10] /i fire sword
[18/11/2011 03:34:11] /i backpack
[18/11/2011 03:34:11] /i backpack
[18/11/2011 03:34:15] /i fire sword
[18/11/2011 03:37:36] /i fire sword
[18/11/2011 03:37:36] /i fire sword
[18/11/2011 03:37:37] /i fire sword
[18/11/2011 03:37:37] /i fire sword
[18/11/2011 03:37:37] /i fire sword
[18/11/2011 03:37:37] /i fire sword
[18/11/2011 03:37:38] /i fire sword
[18/11/2011 03:37:38] /i fire sword
[18/11/2011 03:37:38] /i fire sword
[18/11/2011 03:37:38] /i fire sword
[18/11/2011 03:37:39] /i fire sword
[18/11/2011 03:37:39] /i fire sword
[18/11/2011 03:37:39] /i fire sword
[18/11/2011 03:37:39] /i fire sword
[18/11/2011 03:37:40] /i fire sword
[18/11/2011 03:37:40] /i fire sword
[18/11/2011 03:37:40] /i fire sword
[18/11/2011 03:37:40] /i fire sword
[18/11/2011 03:37:41] /i fire sword
[18/11/2011 03:37:41] /i fire sword
[18/11/2011 03:37:41] /i fire sword
[18/11/2011 03:37:41] /i fire sword
[18/11/2011 03:37:42] /i fire sword
[18/11/2011 03:37:42] /i fire sword
[18/11/2011 03:52:26] /goto master revoltz
[18/11/2011 03:52:29] /i meat
[18/11/2011 03:52:41] /i great mana potion
[18/11/2011 03:52:43] /i great mana potion
[18/11/2011 03:52:44] /i great mana potion
[18/11/2011 03:52:44] /i great mana potion
[18/11/2011 03:52:44] /i great mana potion
[18/11/2011 03:52:45] /i great mana potion
[18/11/2011 03:52:45] /i great mana potion
[18/11/2011 03:52:46] /i great mana potion
[18/11/2011 03:52:46] /i great mana potion
[18/11/2011 03:53:13] /i enforced mage shield
[18/11/2011 03:53:20] /i enforced mage armor
[18/11/2011 03:53:24] /i enforced mage legs
[18/11/2011 03:53:26] /i enforced mage armor
[18/11/2011 03:53:27] /i enforced mage legs
[18/11/2011 03:53:30] /i enforced mage boots
[18/11/2011 03:53:35] /i enforced mage helmet
[18/11/2011 03:53:39] /i enforced wand
[18/11/2011 04:30:42] /t
[18/11/2011 04:31:13] /i great mana potion
[18/11/2011 04:31:14] /i great mana potion
[18/11/2011 04:31:14] /i great mana potion
[18/11/2011 04:31:15] /i great mana potion
[18/11/2011 04:31:15] /i great mana potion
[18/11/2011 04:31:16] /i great mana potion
[18/11/2011 04:31:16] /i great mana potion
[18/11/2011 04:31:17] /i great mana potion
[18/11/2011 04:31:17] /i great mana potion
[18/11/2011 04:31:17] /i great mana potion
[18/11/2011 04:31:18] /i great mana potion
[18/11/2011 04:31:18] /i great mana potion
[18/11/2011 04:31:19] /i great mana potion
[18/11/2011 04:31:19] /i great mana potion
[18/11/2011 04:31:20] /i great mana potion
[18/11/2011 04:31:51] /i 2160
[25/12/2011 16:58:17] /save
