[26/5/2019 11:40:7] /reload actions
[26/5/2019 11:40:22] /reload actions
[26/5/2019 11:41:30] /reload actions
[26/5/2019 11:42:29] /reload actions
[26/5/2019 11:42:44] /reload actions
[26/5/2019 11:48:9] /reload actions
[26/5/2019 11:48:16] /reload actions
[26/5/2019 11:48:22] /reload actions
[26/5/2019 11:48:28] /reload actions
[26/5/2019 11:48:55] /reload actions
[26/5/2019 11:52:57] /reload actions
[26/5/2019 11:53:3] /r
[26/5/2019 11:53:4] /r
[26/5/2019 11:53:5] /r
[26/5/2019 11:55:24] /reload actions
[26/5/2019 11:56:15] /reload actions
[26/5/2019 11:56:54] /reload actions
[26/5/2019 11:57:49] /i fire bomb rune
[26/5/2019 11:57:57] /i Fire rune
[26/5/2019 11:58:22] /i 2262
[26/5/2019 11:59:3] /i 2301
[26/5/2019 11:59:34] /i 2301
[26/5/2019 12:0:4] /reload actions
[26/5/2019 12:1:29] /reload actions
[26/5/2019 12:1:37] /down
[26/5/2019 12:1:41] /down
[26/5/2019 12:1:44] /up
[26/5/2019 12:1:49] /up
[26/5/2019 12:1:50] /down
[26/5/2019 12:7:24] /goto danger machine
[26/5/2019 13:5:41] /reload globalevents
[26/5/2019 13:19:19] /reload globalevents
[26/5/2019 13:19:37] /reload globalevents
[26/5/2019 13:19:48] /reload globalevents
[26/5/2019 13:20:3] /reload globalevents
[26/5/2019 13:40:2] /r
[26/5/2019 13:40:2] /r
[26/5/2019 13:43:15] /t
