[06/10/2011 13:18:07] /t
[06/10/2011 13:18:42] /i demonic essence
[06/10/2011 13:18:43] /i demonic essence
[06/10/2011 13:18:44] /i demonic essence
[06/10/2011 13:18:44] /i demonic essence
[06/10/2011 13:18:45] /i demonic essence
[06/10/2011 13:19:03] /i demonic essence
[06/10/2011 13:19:04] /i demonic essence
[06/10/2011 13:19:04] /i demonic essence
[06/10/2011 13:19:05] /i demonic essence
[06/10/2011 13:19:05] /i demonic essence
[06/10/2011 13:19:06] /i demonic essence
[06/10/2011 13:19:07] /i demonic essence
[06/10/2011 13:19:08] /i demonic essence
[06/10/2011 13:19:08] /i demonic essence
[06/10/2011 13:19:09] /i demonic essence
[06/10/2011 13:19:09] /i demonic essence
[06/10/2011 13:19:48] /i 2160
[06/10/2011 13:19:49] /i 2160
[06/10/2011 13:19:49] /i 2160
[06/10/2011 13:19:50] /i 2160
[06/10/2011 13:19:50] /i 2160
[06/10/2011 13:21:24] /i demonic essence
[06/10/2011 13:21:25] /i demonic essence
[06/10/2011 13:21:25] /i demonic essence
[06/10/2011 13:21:25] /i demonic essence
[06/10/2011 13:21:26] /i demonic essence
[06/10/2011 13:21:26] /i demonic essence
[06/10/2011 13:21:26] /i demonic essence
[06/10/2011 13:21:27] /i demonic essence
[06/10/2011 13:21:27] /i demonic essence
[06/10/2011 13:21:27] /i demonic essence
[06/10/2011 13:21:27] /i demonic essence
[06/10/2011 13:21:48] /i demonic essence
[06/10/2011 13:21:48] /i demonic essence
[06/10/2011 13:21:49] /i demonic essence
[06/10/2011 13:21:49] /i demonic essence
[06/10/2011 13:21:50] /i demonic essence
[06/10/2011 13:22:26] /addskill Castiel Black Angel,level
[06/10/2011 13:22:27] /addskill Castiel Black Angel,level
[06/10/2011 13:22:28] /addskill Castiel Black Angel,level
[06/10/2011 13:22:28] /addskill Castiel Black Angel,level
[06/10/2011 13:22:28] /addskill Castiel Black Angel,level
[06/10/2011 13:22:28] /addskill Castiel Black Angel,level
[06/10/2011 13:22:28] /addskill Castiel Black Angel,level
[06/10/2011 13:22:28] /addskill Castiel Black Angel,level
[06/10/2011 13:22:28] /addskill Castiel Black Angel,level
[06/10/2011 13:22:29] /addskill Castiel Black Angel,level
[06/10/2011 13:22:29] /addskill Castiel Black Angel,level
[06/10/2011 13:22:29] /addskill Castiel Black Angel,level
[06/10/2011 13:22:29] /addskill Castiel Black Angel,level
[06/10/2011 13:22:29] /addskill Castiel Black Angel,level
[06/10/2011 13:22:29] /addskill Castiel Black Angel,level
[06/10/2011 13:22:29] /addskill Castiel Black Angel,level
[06/10/2011 13:22:29] /addskill Castiel Black Angel,level
[06/10/2011 13:22:29] /addskill Castiel Black Angel,level
[06/10/2011 13:22:29] /addskill Castiel Black Angel,level
[06/10/2011 13:22:29] /addskill Castiel Black Angel,level
[06/10/2011 13:22:29] /addskill Castiel Black Angel,level
[06/10/2011 13:22:29] /addskill Castiel Black Angel,level
[06/10/2011 13:22:30] /addskill Castiel Black Angel,level
[06/10/2011 13:22:30] /addskill Castiel Black Angel,level
[06/10/2011 13:22:30] /addskill Castiel Black Angel,level
[06/10/2011 13:22:30] /addskill Castiel Black Angel,level
[06/10/2011 13:22:30] /addskill Castiel Black Angel,level
[06/10/2011 13:22:30] /addskill Castiel Black Angel,level
[06/10/2011 13:22:30] /addskill Castiel Black Angel,level
[06/10/2011 13:22:30] /addskill Castiel Black Angel,level
[06/10/2011 13:22:30] /addskill Castiel Black Angel,level
[06/10/2011 13:22:30] /addskill Castiel Black Angel,level
[06/10/2011 13:22:30] /addskill Castiel Black Angel,level
[06/10/2011 13:22:30] /addskill Castiel Black Angel,level
[06/10/2011 13:22:30] /addskill Castiel Black Angel,level
[06/10/2011 13:22:31] /addskill Castiel Black Angel,level
[06/10/2011 13:22:31] /addskill Castiel Black Angel,level
[06/10/2011 13:22:31] /addskill Castiel Black Angel,level
[06/10/2011 13:22:31] /addskill Castiel Black Angel,level
[06/10/2011 13:22:31] /addskill Castiel Black Angel,level
[06/10/2011 13:22:31] /addskill Castiel Black Angel,level
[06/10/2011 13:22:32] /addskill Castiel Black Angel,level
[06/10/2011 13:22:32] /addskill Castiel Black Angel,level
[06/10/2011 13:22:32] /addskill Castiel Black Angel,level
[06/10/2011 13:22:32] /addskill Castiel Black Angel,level
[06/10/2011 13:22:32] /addskill Castiel Black Angel,level
[06/10/2011 13:22:32] /addskill Castiel Black Angel,level
[06/10/2011 13:22:32] /addskill Castiel Black Angel,level
[06/10/2011 13:22:32] /addskill Castiel Black Angel,level
[06/10/2011 13:22:32] /addskill Castiel Black Angel,level
[06/10/2011 13:22:32] /addskill Castiel Black Angel,level
[06/10/2011 13:22:32] /addskill Castiel Black Angel,level
[06/10/2011 13:22:32] /addskill Castiel Black Angel,level
[06/10/2011 13:22:32] /addskill Castiel Black Angel,level
[06/10/2011 13:22:33] /addskill Castiel Black Angel,level
[06/10/2011 13:22:33] /addskill Castiel Black Angel,level
[06/10/2011 13:22:33] /addskill Castiel Black Angel,level
[06/10/2011 13:22:33] /addskill Castiel Black Angel,level
[06/10/2011 13:22:33] /addskill Castiel Black Angel,level
[06/10/2011 13:22:33] /addskill Castiel Black Angel,level
[06/10/2011 13:22:33] /addskill Castiel Black Angel,level
[06/10/2011 13:22:34] /addskill Castiel Black Angel,level
[06/10/2011 13:22:34] /addskill Castiel Black Angel,level
[06/10/2011 13:22:34] /addskill Castiel Black Angel,level
[06/10/2011 13:22:34] /addskill Castiel Black Angel,level
[06/10/2011 13:22:34] /addskill Castiel Black Angel,level
[06/10/2011 13:22:34] /addskill Castiel Black Angel,level
[06/10/2011 13:22:34] /addskill Castiel Black Angel,level
[06/10/2011 13:22:34] /addskill Castiel Black Angel,level
[06/10/2011 13:22:34] /addskill Castiel Black Angel,level
[06/10/2011 13:22:34] /addskill Castiel Black Angel,level
[06/10/2011 13:22:34] /addskill Castiel Black Angel,level
[06/10/2011 13:22:34] /addskill Castiel Black Angel,level
[06/10/2011 13:22:34] /addskill Castiel Black Angel,level
[06/10/2011 13:22:34] /addskill Castiel Black Angel,level
[06/10/2011 13:22:35] /addskill Castiel Black Angel,level
[06/10/2011 13:22:35] /addskill Castiel Black Angel,level
[06/10/2011 13:22:35] /addskill Castiel Black Angel,level
[06/10/2011 13:22:35] /addskill Castiel Black Angel,level
[06/10/2011 13:22:35] /addskill Castiel Black Angel,level
[06/10/2011 13:22:35] /addskill Castiel Black Angel,level
[06/10/2011 13:22:36] /addskill Castiel Black Angel,level
[06/10/2011 13:22:36] /addskill Castiel Black Angel,level
[06/10/2011 13:22:36] /addskill Castiel Black Angel,level
[06/10/2011 13:22:36] /addskill Castiel Black Angel,level
[06/10/2011 13:22:37] /addskill Castiel Black Angel,level
[06/10/2011 13:22:37] /addskill Castiel Black Angel,level
[06/10/2011 13:22:37] /addskill Castiel Black Angel,level
[06/10/2011 13:22:38] /addskill Castiel Black Angel,level
[06/10/2011 13:22:38] /addskill Castiel Black Angel,level
[06/10/2011 13:22:39] /addskill Castiel Black Angel,level
[06/10/2011 13:22:55] /addskill Castiel Black Angel,magic
[06/10/2011 13:23:30] /save
