[21/06/2011 18:35:06] /a 3
[21/06/2011 18:42:06] /goto yurixd
[21/06/2011 18:45:37] /goto paatriick
[21/06/2011 18:46:25] /promote Paatriick
[21/06/2011 18:46:41] /promote Paatriick
[21/06/2011 18:47:24] /a 3
[21/06/2011 18:47:38] /t
[21/06/2011 18:48:02] /goto paatriick
[21/06/2011 19:07:56] /goto fodinha
[21/06/2011 19:23:02] /goto fodinha
[21/06/2011 21:22:33] /goto fodinha
[21/06/2011 21:22:43] /goto lower rush
[21/06/2011 21:23:45] /town 4
[21/06/2011 21:24:43] /t
[21/06/2011 21:28:29] /i 1387
[21/06/2011 21:28:41] /i 11759
[21/06/2011 21:28:46] /r
[21/06/2011 21:28:47] /r
[21/06/2011 21:29:03] /i 11759
[21/06/2011 21:29:06] /r
[21/06/2011 21:29:22] /a 4
[21/06/2011 21:29:37] /a 2
[21/06/2011 21:30:10] /a 4
[21/06/2011 21:30:15] /a 4
[21/06/2011 21:30:17] /a 4
[21/06/2011 21:30:53] /a 4
[21/06/2011 21:30:54] /a 4
[21/06/2011 21:30:59] /down
[21/06/2011 21:31:01] /a 4
[21/06/2011 21:31:17] /a 3
[21/06/2011 21:31:28] /t
[21/06/2011 21:34:15] /i 1369
[21/06/2011 21:34:17] /r
[21/06/2011 21:34:26] /i 1386
[21/06/2011 21:34:28] /r
[21/06/2011 21:34:37] /i 10035
[21/06/2011 21:34:41] /r
[21/06/2011 21:36:33] /i 11759
[21/06/2011 21:39:35] /r
[21/06/2011 21:49:54] /t
[21/06/2011 21:50:56] /goto jono klot
[21/06/2011 21:51:15] /goto hellhound
[21/06/2011 21:51:21] /goto lower rush
[21/06/2011 21:51:29] /goto fodinha
[21/06/2011 22:07:38] /a 3
[21/06/2011 22:07:53] /t
[22/06/2011 03:34:25] /r
[22/06/2011 03:34:53] /r
[22/06/2011 21:50:52] /goto fodinha
[22/06/2011 21:50:55] /mc
[22/06/2011 21:51:07] /goto maax ferreira
[22/06/2011 21:51:15] /goto jono klot
[22/06/2011 21:51:18] /goto monster
[22/06/2011 21:51:21] /goto ai sim
