[19/05/2011 05:57:08] /b ^^
[19/05/2011 05:57:22] /b oi
[19/05/2011 07:44:42] /b Se alguem encontrar algum bug reporta pra mim que passo pro hoster.Obrigado
[19/05/2011 08:59:36] /b eae
[19/05/2011 09:56:09] /b Pessoal nao sei se vcs notaram mais tem um Chat(Channel) chamado "War Channel" que serve para programar qualquer tipo de war entre guilds, entao comecem a entrar em suas guilds e mais a tarde marcamos horario para war,deixemos amizades por uns minutos.
[19/05/2011 10:03:58] /b qualquer tipo de bug reportem pra mim por favor
[19/05/2011 11:09:21] /b galera tem o chat "War Channel" usem ele pra arma uma war entre guilds ;D
[19/05/2011 11:34:19] /b qualquer tipo de bug que vcs acharem reportem para mim por favor?Obrigado.Bom Jogo.
[19/05/2011 12:24:02] /b galera tem um chat chamado war channel vcs tem ai nos chats...entre la depois pra organiza uma pequena war pra nois pega lvl huehueu...entrem em suas guilds pra forma uma pequena war amigável ;D
[19/05/2011 12:40:05] /b agora tah bom n tah? ueheuheuhe
[19/05/2011 12:43:47] /b elsu ta ai?
[19/05/2011 12:44:38] /b 12:42 Lups [400]: Lups gostoso
[19/05/2011 12:44:43] /b lol
[19/05/2011 12:50:30] /b Lord Dig Dig quer trocar 2 itens vip de kina por uma star vip de pally
[19/05/2011 12:51:07] /b afk
[19/05/2011 12:57:21] /b afk vo ranga ja volto
[19/05/2011 13:38:43] /b voltei tava almoçando gente ¬¬'
[19/05/2011 13:39:54] /b gente entrem no chat war channel para combinar war entre guilds...eh importante que o server nao tenha mtas guild pra war ser maior..ou war com guild aliada.Obrigado.
[19/05/2011 13:41:57] /b OBS: entrem no war channel somente se vcs quiserem war organizada ou coisa do tipo...pode se mata a vontade hehe...eh soh que war organizada entre guild eh mais daora :D
[19/05/2011 13:42:49] /b pra compra pot eh na loja de potions igual global...pra baixo do dp hehe
[19/05/2011 13:43:26] /b se matar player pega exp...mais nao pensem que vc lvl 50 mata lvl 200 pega lvl 300 nao viu...eh bem organizado e equilibrado...nao sei ao certo mais eh mais ou menos isso hehe
[19/05/2011 13:43:40] /b por exemplo vc lvl 100 tem que matar lvl 140 pra pega lvl e assim por diante
[19/05/2011 13:44:48] /b sem flood 
[19/05/2011 13:45:57] /b exemplo : se vc lvl 100 mata lvl 140 vc ganha exp e assim por diante entenderam?claro que as vezes vc nao ganha exp se tiveh outras pessoas junto ou se caso matar gente entre 40 lvl acima do seu vc pega lvl
[19/05/2011 13:46:21] /b nao precisa de aol eh pvp enforced vcs quando morrem nao perdem absolutamente nada
[19/05/2011 13:47:24] /b gente esses itens "vip" saum chamados de enforced...eles saum um sorteio...vc ganha no sorteio...tem que ter sorte :D
[19/05/2011 13:48:32] /b repitindo....entrem em War Channel se quiserem fazer uma war organizada entre guildas.Obrigado.Bom Jogo.
[19/05/2011 13:48:57] /b entrem em suas guildas e preparem-se para o massacr ;D
[19/05/2011 13:50:29] /b upem fast pra war...^^...a war vai ser umas 4 da tarde tah bom pra vcs? falem no war channel por favor.
[19/05/2011 13:51:40] /b gente por favor deixem os lvl baixo upa pra fikar mais legal a war gente
[19/05/2011 13:54:19] /b escolham suas guildas ou criem um e juntem seu time pra war as 4 da tarde ;D
[19/05/2011 13:54:51] /b comando para criar guild eh !createguild NomeDaGuild
[19/05/2011 13:55:13] /b gente vo pedi de boa agora...deixem os lvl baixo upa...nao vo pedir denovo
[19/05/2011 13:57:38] /b o esquema eh vcs criarem guild e fala lider com lider de outra guild e fala pra mim anuncia que vai ter war guild X contra guild Z...
[19/05/2011 14:00:42] /b realmente gente morre faz parte eh enforced ;O
[19/05/2011 14:02:56] /b vendo knight legs e club enforced...quero grana nos itens quem der mais grana leva ;D
[19/05/2011 14:10:38] /b gente war eh war eu mato varios amigos meus e morro pra varios...se vc n tiver a esportiva nao serve pra joga war server ;O
[19/05/2011 14:14:09] /b repetindo...entrem em guildas ou entao criem uma para a war as 4 da tarde...nao tem problema se vc nao tiver guild...soh nao vai ter time :D
[19/05/2011 14:24:15] /b vou repetir para quem entrou agora...arrumem guild...ou criem uma para vir na war as 4 da tarde...tem que ser war organizada com todos os players possivel
[19/05/2011 14:24:41] /b vou repetir para quem entrou agora...arrumem guild...ou criem uma para vir na war as 4 da tarde...tem que ser war organizada com todos os players possivel
[19/05/2011 14:24:57] /b os itens vip(enforced) sau obtidos no sorteio da loteria a cada 2 horas
[19/05/2011 14:28:15] /b intao as guilds que irao participar eu nao tenho os nomes ainda eu gostaria de ter os nomes...no maximo 3 guild
[19/05/2011 14:29:29] /b quem nao tem guild fala private pra mim que eu anuncio aki e as guild que quiserem invitar vaum manda mensagem pra vcs
[19/05/2011 14:30:30] /b palyzinha stronda lvl 240.....reaf lvl 372 estao sem guild a guild que quiser invitar um dos 2 manda mensagem para eles
[19/05/2011 14:30:34] /b quem mais esta sem guild?
[19/05/2011 14:30:46] /b reverend apelao
[19/05/2011 14:31:23] /b japones voador compra enforced knight helmet msg ele
[19/05/2011 14:31:35] /b eu vendo enforced knight legs e enforced club msg eu :D
[19/05/2011 14:32:35] /b quem esta sem guild ou quer que eu anuncie aki guild recrutando...exemplo....Guild Bichonas recruta lvl 200+
[19/05/2011 14:34:22] /b lider das guildas que for participa manda msg pra mim para eu saber quais irao participar
[19/05/2011 14:35:39] /b a guild Soul Slayers ira participar da war quem tentara vencer essa guild na war manda msg com seu time(guild) ^^
[19/05/2011 14:36:35] /b GENTEEE AAHHH...a pedido de uns 10 player a war vai ser daki a 30 MINUTOS! as 3 da tarde vai ter a chacina ops quero dizer a war em carlin
[19/05/2011 14:37:12] /b siiim mvai ter war as 3 pq tem mta gente pedindo as 3 da tarde
[19/05/2011 14:37:38] /b Sir Lobo Ii paladin lvl 301 procura guild msg ele !
[19/05/2011 14:37:52] /b lol eh druid ueuhehue
[19/05/2011 14:39:08] /b vai ter war as 3 da tarde e depois as 6 da tarde...entrem em suas guild e preparem seus time pq minha guild vai tah na war tmbm uheuehueuhe
[19/05/2011 14:40:31] /b GENTEE preciso do nome das guilds que irao participar...soh tenho 1 nome ateh agora Soul Slayers
[19/05/2011 14:42:50] /b ATENÇÃO ! tenho Nome de 3 Guilds que irao participar da war em carlin...Sao eles : Soul Slayer ----- Os Transexuais do Ot ------e a guild Poe Outra Ficha
[19/05/2011 14:43:16] /b nao sou god sou tutor ;D
[19/05/2011 14:44:16] /b a war vai ser em carlin por tanto fikem por la pra nao ter que esperar pz e tal
[19/05/2011 14:45:05] /b Reaf e Zeus Carlim procuram guild...ambos lvl 350+
[19/05/2011 14:46:11] /b quem quiser entrar na guild Os Transexuais do Ot falar com The reverend...e quem quiser entrar na guild Soul Slayers falar com Crazy Darck
[19/05/2011 14:46:28] /b ou falar com o Segredo
[19/05/2011 14:48:05] /b Reaf e Zeus Carlim estao sem guild...adicionem 1 deles em alguma guild POR FAVOOR !
[19/05/2011 14:50:16] /b quem for da guild Poe Outra Ficha vai para Carlin
[19/05/2011 14:50:57] /b para entrar na guild os transsexuais do ot tem que ser lvl 301+
[19/05/2011 14:51:22] /b quem for da guild Poe Outra Ficha vem carlin fas
[19/05/2011 14:53:39] /b a war começa em 5 MINUTOS !
[19/05/2011 14:53:50] /b por favor venham todas as guild para carlim e nao se attackem
[19/05/2011 14:54:09] /b cada guild para um canto da cidade...a guild poem outra ficha vai para la >>>>
[19/05/2011 14:55:26] /b BICHA MALDITA 
[19/05/2011 14:55:38] /b kkkkkk
[19/05/2011 14:56:59] /b a guild poe outra ficha vem para o lado direito
[19/05/2011 14:57:05] /b cada guild em um canto da cidade por favor
[19/05/2011 14:57:29] /b ainda nao começo
[19/05/2011 14:57:44] /b e se preparem pq acho q vai da lag haha
[19/05/2011 14:57:49] /b espalhem-se guilds
[19/05/2011 14:57:56] /b cada guild pra 1 lado
[19/05/2011 14:58:20] /b CADA GUILD PRA 1 LADO !
[19/05/2011 14:59:23] /b war começa em 2 MINUTOS !
[19/05/2011 15:00:36] /b war começa em 1 minuto !
[19/05/2011 15:01:21] /b COMEÇO GOGOGO SE MATEM CADA 1 COM SUA GUILD
[19/05/2011 15:01:32] /b começo a war
[19/05/2011 15:02:40] /b n da pra fala gente lol
[19/05/2011 15:04:18] /b lag nuss uheuheue
[19/05/2011 15:07:46] /b lag af
[19/05/2011 15:08:54] /b mano to no meio da war lol n da pra responde
[19/05/2011 15:14:06] /b a guild Os Transsexuais do ot Ganhou a war ;O
[19/05/2011 15:15:07] /b lol morri otra vez de bobera kkk q bosta
[19/05/2011 15:15:22] /b eu morro pq trava se n travasse
[19/05/2011 15:16:13] /b o foda eh o lag ;O
[19/05/2011 15:21:17] /b parei morri mto por causa de lag
[19/05/2011 15:21:31] /b a guild os transsexuais do ot ganharam
[19/05/2011 15:21:51] /b tambem soh podiam ter ganho soh fika eu e japones voador  do time ¬¬'
[19/05/2011 15:23:20] /b parei PUTA TIME NOOB Q EU PEGUEI PQP !
[19/05/2011 15:23:29] /b na boa parei co a war
[19/05/2011 15:29:49] /b PUTA TIME NOOB O MEU
[19/05/2011 15:30:01] /b claro que a guild os transsexuais do ot ganharam
[19/05/2011 15:30:59] /b caraio quem eh o retardado que n entendeu que eh pra para?
[19/05/2011 15:32:47] /b wolverine vazo...jeck vazo...o lvl 180 vazo dexo eu e o japa na mao que belo time
[19/05/2011 15:34:12] /b eu achei que nao precisava de ninguem mais no meu time pq tinha os "tops" 
[19/05/2011 15:34:21] /b mais nao sabia que os tops eram tpw burro pa kct uhauahuahua
[19/05/2011 15:35:09] /b kkk o mlk tem meu Heart e fika se achando 15:33 Shadown'sain [168]: vai da moral pra lvl vai 15:33 Shadown'sain [168]: xd
[19/05/2011 15:35:18] /b isso eh pvp eu n so invencivel eu morro msm oO
[19/05/2011 15:37:27] /b pronto...sem guild eh melhor..se eu for conta com quem eu pensava que conhecia to fudido ;O
[22/05/2011 01:34:37] /b compro enforced itens de kina
[22/05/2011 01:35:55] /b compro itens enforced de knight
[22/05/2011 01:36:43] /b compro itens enforced de knight
[22/05/2011 16:40:19] /b aee mage full ! ;D
[22/05/2011 16:53:24] /b 16:51 You deal 1031 damage to Shutdown.
[22/05/2011 16:53:53] /b afk
