[21/06/2011 18:46:42] /b divuda aqui
[21/06/2011 18:47:00] /b sou ajudante do adm
[21/06/2011 18:47:06] /b qm quiser upar e tals fala comigo que eu ajudo
[21/06/2011 18:47:20] /b vlw !
[21/06/2011 18:47:26] /b kd vc yurixd
[21/06/2011 18:47:37] /b preciso te ver pra te levar pra upar
[21/06/2011 18:47:41] /b vem templo !
[21/06/2011 18:48:30] /b guenta ae yure
[21/06/2011 18:49:48] /b duvida aqui !
[21/06/2011 18:50:07] /b tem vaga nao !
[21/06/2011 18:50:34] /b gogo upar
[21/06/2011 18:52:21] /b duvida aqui
[21/06/2011 18:52:43] /b fala ai
[21/06/2011 18:52:50] /b 8 nao tem vaga !
[21/06/2011 18:53:56] /b so pq n ganho gm
[21/06/2011 18:54:22] /b sim galera sou tutor !
[21/06/2011 18:54:30] /b breve brece GOD !
[21/06/2011 18:55:04] /b upa !
[21/06/2011 18:57:18] /b sou amigo do god
[21/06/2011 18:57:35] /b adm loga ae
[21/06/2011 18:58:37] /b o meu
[21/06/2011 18:58:41] /b pq ?
[21/06/2011 19:01:39] /b adm tae?
[21/06/2011 19:43:07] /b adm ta ae
[21/06/2011 19:45:34] /b god ta e?
